Using pre-set license
Built from '2020.3/staging' branch; Version is '2020.3.11f1 (99c7afb366b3) revision 10078127'; Using compiler version '192528614'; Build Type 'Release'
OS: 'Windows 10 Home; OS build 19043.1415; Version 2009; 64bit' Language: 'es' Physical Memory: 8149 MB
BatchMode: 1, IsHumanControllingUs: 0, StartBugReporterOnCrash: 0, Is64bit: 1, IsPro: 0

 COMMAND LINE ARGUMENTS:
C:\Program Files\Unity\Hub\Editor\2020.3.11f1\Editor\Unity.exe
-adb2
-batchMode
-noUpm
-name
AssetImportWorker6
-projectPath
I:/Git_Projecte/Networks-and-online-games/4. Multiplayer Game/Client
-logFile
Logs/AssetImportWorker6.log
-srvPort
57722
Successfully changed project path to: I:/Git_Projecte/Networks-and-online-games/4. Multiplayer Game/Client
I:/Git_Projecte/Networks-and-online-games/4. Multiplayer Game/Client
Using Asset Import Pipeline V2.
Refreshing native plugins compatible for Editor in 54.37 ms, found 2 plugins.
Preloading 0 native plugins for Editor in 0.00 ms.
Initialize engine version: 2020.3.11f1 (99c7afb366b3)
[Subsystems] Discovering subsystems at path C:/Program Files/Unity/Hub/Editor/2020.3.11f1/Editor/Data/Resources/UnitySubsystems
[Subsystems] Discovering subsystems at path I:/Git_Projecte/Networks-and-online-games/4. Multiplayer Game/Client/Assets
GfxDevice: creating device client; threaded=0
Direct3D:
    Version:  Direct3D 11.0 [level 11.0]
    Renderer: NVIDIA GeForce GTX 660 (ID=0x11c0)
    Vendor:   
    VRAM:     1998 MB
    Driver:   30.0.14.7212
Initialize mono
Mono path[0] = 'C:/Program Files/Unity/Hub/Editor/2020.3.11f1/Editor/Data/Managed'
Mono path[1] = 'C:/Program Files/Unity/Hub/Editor/2020.3.11f1/Editor/Data/MonoBleedingEdge/lib/mono/unityjit'
Mono config path = 'C:/Program Files/Unity/Hub/Editor/2020.3.11f1/Editor/Data/MonoBleedingEdge/etc'
Using monoOptions --debugger-agent=transport=dt_socket,embedding=1,server=y,suspend=n,address=127.0.0.1:56996
Begin MonoManager ReloadAssembly
Registering precompiled unity dll's ...
Register platform support module: C:/Program Files/Unity/Hub/Editor/2020.3.11f1/Editor/Data/PlaybackEngines/WindowsStandaloneSupport/UnityEditor.WindowsStandalone.Extensions.dll
Registered in 0.003069 seconds.
Native extension for WindowsStandalone target not found
Refreshing native plugins compatible for Editor in 53.73 ms, found 2 plugins.
Preloading 0 native plugins for Editor in 0.00 ms.
Mono: successfully reloaded assembly
- Completed reload, in  1.428 seconds
Platform modules already initialized, skipping
Registering precompiled user dll's ...
Registered in 0.005354 seconds.
Begin MonoManager ReloadAssembly
Native extension for WindowsStandalone target not found
Refreshing native plugins compatible for Editor in 0.53 ms, found 2 plugins.
Preloading 0 native plugins for Editor in 0.00 ms.
Mono: successfully reloaded assembly
- Completed reload, in  2.048 seconds
Platform modules already initialized, skipping
========================================================================
Worker process is ready to serve import requests
Launched and connected shader compiler UnityShaderCompiler.exe after 0.28 seconds
Refreshing native plugins compatible for Editor in 0.93 ms, found 2 plugins.
Preloading 0 native plugins for Editor in 0.00 ms.
Unloading 1560 Unused Serialized files (Serialized files now loaded: 0)
System memory in use before: 171.0 MB.
System memory in use after: 171.1 MB.

Unloading 21 unused Assets to reduce memory usage. Loaded Objects now: 2017.
Total: 2.449200 ms (FindLiveObjects: 0.193900 ms CreateObjectMapping: 0.083500 ms MarkObjects: 2.127700 ms  DeleteObjects: 0.042600 ms)

========================================================================
Received Import Request.
  path: Assets/Sci-Fi UI/_SciFi_GUISkin_/Bonus_Assets/bars/red_background.png
  artifactKey: Guid(1ca1c35fd07feef4d9c722506626f5df) Importer(815301076,1909f56bfc062723c751e8b465ee728b)
Start importing Assets/Sci-Fi UI/_SciFi_GUISkin_/Bonus_Assets/bars/red_background.png using Guid(1ca1c35fd07feef4d9c722506626f5df) Importer(815301076,1909f56bfc062723c751e8b465ee728b)  -> (artifact id: '638d618b861c932cb4bdf9559597e2eb') in 0.394237 seconds
  Import took 0.419436 seconds .

========================================================================
Received Import Request.
  Time since last request: 35.747506 seconds.
  path: Assets/Sci-Fi UI/_SciFi_GUISkin_/Skin_Assets/bars/bar_red.png
  artifactKey: Guid(10aa17d2199d8334d8ca0a8cf596cbb7) Importer(815301076,1909f56bfc062723c751e8b465ee728b)
Start importing Assets/Sci-Fi UI/_SciFi_GUISkin_/Skin_Assets/bars/bar_red.png using Guid(10aa17d2199d8334d8ca0a8cf596cbb7) Importer(815301076,1909f56bfc062723c751e8b465ee728b)  -> (artifact id: '65563f47ef2648d331eb70992e8ebfee') in 0.029865 seconds
  Import took 0.043619 seconds .

