Using pre-set license
Built from '2020.3/staging' branch; Version is '2020.3.11f1 (99c7afb366b3) revision 10078127'; Using compiler version '192528614'; Build Type 'Release'
OS: 'Windows 10 Home; OS build 19043.1415; Version 2009; 64bit' Language: 'es' Physical Memory: 8144 MB
BatchMode: 1, IsHumanControllingUs: 0, StartBugReporterOnCrash: 0, Is64bit: 1, IsPro: 0

 COMMAND LINE ARGUMENTS:
C:\Program Files\Unity\Hub\Editor\2020.3.11f1\Editor\Unity.exe
-adb2
-batchMode
-noUpm
-name
AssetImportWorker1
-projectPath
C:/Users/Pablo/Documents/GitHub/Networks-and-online-games/4. Multiplayer Game/Client
-logFile
Logs/AssetImportWorker1.log
-srvPort
52243
Successfully changed project path to: C:/Users/Pablo/Documents/GitHub/Networks-and-online-games/4. Multiplayer Game/Client
C:/Users/Pablo/Documents/GitHub/Networks-and-online-games/4. Multiplayer Game/Client
Using Asset Import Pipeline V2.
Refreshing native plugins compatible for Editor in 43.85 ms, found 2 plugins.
Preloading 0 native plugins for Editor in 0.00 ms.
Initialize engine version: 2020.3.11f1 (99c7afb366b3)
[Subsystems] Discovering subsystems at path C:/Program Files/Unity/Hub/Editor/2020.3.11f1/Editor/Data/Resources/UnitySubsystems
[Subsystems] Discovering subsystems at path C:/Users/Pablo/Documents/GitHub/Networks-and-online-games/4. Multiplayer Game/Client/Assets
GfxDevice: creating device client; threaded=0
Direct3D:
    Version:  Direct3D 11.0 [level 11.1]
    Renderer: NVIDIA GeForce GTX 950 (ID=0x1402)
    Vendor:   
    VRAM:     2007 MB
    Driver:   27.21.14.5671
Initialize mono
Mono path[0] = 'C:/Program Files/Unity/Hub/Editor/2020.3.11f1/Editor/Data/Managed'
Mono path[1] = 'C:/Program Files/Unity/Hub/Editor/2020.3.11f1/Editor/Data/MonoBleedingEdge/lib/mono/unityjit'
Mono config path = 'C:/Program Files/Unity/Hub/Editor/2020.3.11f1/Editor/Data/MonoBleedingEdge/etc'
Using monoOptions --debugger-agent=transport=dt_socket,embedding=1,server=y,suspend=n,address=127.0.0.1:56936
Begin MonoManager ReloadAssembly
Registering precompiled unity dll's ...
Register platform support module: C:/Program Files/Unity/Hub/Editor/2020.3.11f1/Editor/Data/PlaybackEngines/WindowsStandaloneSupport/UnityEditor.WindowsStandalone.Extensions.dll
Registered in 0.002623 seconds.
Native extension for WindowsStandalone target not found
Refreshing native plugins compatible for Editor in 33.08 ms, found 2 plugins.
Preloading 0 native plugins for Editor in 0.00 ms.
Mono: successfully reloaded assembly
- Completed reload, in  1.335 seconds
Platform modules already initialized, skipping
Registering precompiled user dll's ...
Registered in 0.004287 seconds.
Begin MonoManager ReloadAssembly
Native extension for WindowsStandalone target not found
Refreshing native plugins compatible for Editor in 0.38 ms, found 2 plugins.
Preloading 0 native plugins for Editor in 0.00 ms.
Mono: successfully reloaded assembly
- Completed reload, in  1.334 seconds
Platform modules already initialized, skipping
========================================================================
Worker process is ready to serve import requests
Launched and connected shader compiler UnityShaderCompiler.exe after 0.39 seconds
Refreshing native plugins compatible for Editor in 0.45 ms, found 2 plugins.
Preloading 0 native plugins for Editor in 0.00 ms.
Unloading 1428 Unused Serialized files (Serialized files now loaded: 0)
System memory in use before: 70.7 MB.
System memory in use after: 70.7 MB.

Unloading 16 unused Assets to reduce memory usage. Loaded Objects now: 1865.
Total: 2.298100 ms (FindLiveObjects: 0.190300 ms CreateObjectMapping: 0.059400 ms MarkObjects: 1.945600 ms  DeleteObjects: 0.100700 ms)

========================================================================
Received Import Request.
  path: Assets/Scripts/Server.cs
  artifactKey: Guid(d932bca831f850b40966b61fcffbba70) Importer(815301076,1909f56bfc062723c751e8b465ee728b)
Start importing Assets/Scripts/Server.cs using Guid(d932bca831f850b40966b61fcffbba70) Importer(815301076,1909f56bfc062723c751e8b465ee728b)  -> (artifact id: '879f4923a85afdee76d28e306ae06924') in 0.155748 seconds
  Import took 0.180830 seconds .

========================================================================
Received Import Request.
  Time since last request: 0.728226 seconds.
  path: Assets/Scripts/Server.cs
  artifactKey: Guid(d932bca831f850b40966b61fcffbba70) Importer(815301076,1909f56bfc062723c751e8b465ee728b)
Start importing Assets/Scripts/Server.cs using Guid(d932bca831f850b40966b61fcffbba70) Importer(815301076,1909f56bfc062723c751e8b465ee728b)  -> (artifact id: '879f4923a85afdee76d28e306ae06924') in 0.030654 seconds
  Import took 0.039136 seconds .

