Using pre-set license
Built from '2020.3/staging' branch; Version is '2020.3.11f1 (99c7afb366b3) revision 10078127'; Using compiler version '192528614'; Build Type 'Release'
OS: 'Windows 10 Home; OS build 19041.1415; Version 2004; 64bit' Language: 'ca' Physical Memory: 8067 MB
BatchMode: 1, IsHumanControllingUs: 0, StartBugReporterOnCrash: 0, Is64bit: 1, IsPro: 0

 COMMAND LINE ARGUMENTS:
C:\Program Files\Unity\Hub\Editor\2020.3.11f1\Editor\Unity.exe
-adb2
-batchMode
-noUpm
-name
AssetImportWorker0
-projectPath
C:/Users/ADMIN/Documents/GitHub/Networks-and-online-games/4. Multiplayer Game/Client
-logFile
Logs/AssetImportWorker0.log
-srvPort
61461
Successfully changed project path to: C:/Users/ADMIN/Documents/GitHub/Networks-and-online-games/4. Multiplayer Game/Client
C:/Users/ADMIN/Documents/GitHub/Networks-and-online-games/4. Multiplayer Game/Client
Using Asset Import Pipeline V2.
Refreshing native plugins compatible for Editor in 73.17 ms, found 2 plugins.
Preloading 0 native plugins for Editor in 0.00 ms.
Initialize engine version: 2020.3.11f1 (99c7afb366b3)
[Subsystems] Discovering subsystems at path C:/Program Files/Unity/Hub/Editor/2020.3.11f1/Editor/Data/Resources/UnitySubsystems
[Subsystems] Discovering subsystems at path C:/Users/ADMIN/Documents/GitHub/Networks-and-online-games/4. Multiplayer Game/Client/Assets
GfxDevice: creating device client; threaded=0
Direct3D:
    Version:  Direct3D 11.0 [level 11.0]
    Renderer: Intel(R) HD Graphics 4000 (ID=0x166)
    Vendor:   
    VRAM:     128 MB
    Driver:   10.18.10.4358
Initialize mono
Mono path[0] = 'C:/Program Files/Unity/Hub/Editor/2020.3.11f1/Editor/Data/Managed'
Mono path[1] = 'C:/Program Files/Unity/Hub/Editor/2020.3.11f1/Editor/Data/MonoBleedingEdge/lib/mono/unityjit'
Mono config path = 'C:/Program Files/Unity/Hub/Editor/2020.3.11f1/Editor/Data/MonoBleedingEdge/etc'
Using monoOptions --debugger-agent=transport=dt_socket,embedding=1,server=y,suspend=n,address=127.0.0.1:56888
Begin MonoManager ReloadAssembly
Registering precompiled unity dll's ...
Register platform support module: C:/Program Files/Unity/Hub/Editor/2020.3.11f1/Editor/Data/PlaybackEngines/WindowsStandaloneSupport/UnityEditor.WindowsStandalone.Extensions.dll
Registered in 0.005375 seconds.
Native extension for WindowsStandalone target not found
Refreshing native plugins compatible for Editor in 62.91 ms, found 2 plugins.
Preloading 0 native plugins for Editor in 0.00 ms.
Mono: successfully reloaded assembly
- Completed reload, in  2.801 seconds
Platform modules already initialized, skipping
Registering precompiled user dll's ...
Registered in 0.007802 seconds.
Begin MonoManager ReloadAssembly
Native extension for WindowsStandalone target not found
Refreshing native plugins compatible for Editor in 0.61 ms, found 2 plugins.
Preloading 0 native plugins for Editor in 0.00 ms.
Mono: successfully reloaded assembly
- Completed reload, in  2.055 seconds
Platform modules already initialized, skipping
========================================================================
Worker process is ready to serve import requests
Launched and connected shader compiler UnityShaderCompiler.exe after 0.08 seconds
Refreshing native plugins compatible for Editor in 0.53 ms, found 2 plugins.
Preloading 0 native plugins for Editor in 0.00 ms.
Unloading 1428 Unused Serialized files (Serialized files now loaded: 0)
System memory in use before: 70.8 MB.
System memory in use after: 70.9 MB.

Unloading 16 unused Assets to reduce memory usage. Loaded Objects now: 1866.
Total: 3.022300 ms (FindLiveObjects: 0.234800 ms CreateObjectMapping: 0.138400 ms MarkObjects: 2.521200 ms  DeleteObjects: 0.126100 ms)

========================================================================
Received Import Request.
  path: Assets/Scripts/Player.cs
  artifactKey: Guid(d4ffd489c9976c840a695034793bd9f6) Importer(815301076,1909f56bfc062723c751e8b465ee728b)
Start importing Assets/Scripts/Player.cs using Guid(d4ffd489c9976c840a695034793bd9f6) Importer(815301076,1909f56bfc062723c751e8b465ee728b)  -> (artifact id: '984dce8090b16d99730f9c9c66706ca9') in 0.055299 seconds
  Import took 0.060286 seconds .

========================================================================
Received Import Request.
  Time since last request: 9.626243 seconds.
  path: Assets/Scripts/Player.cs
  artifactKey: Guid(d4ffd489c9976c840a695034793bd9f6) Importer(815301076,1909f56bfc062723c751e8b465ee728b)
Start importing Assets/Scripts/Player.cs using Guid(d4ffd489c9976c840a695034793bd9f6) Importer(815301076,1909f56bfc062723c751e8b465ee728b)  -> (artifact id: 'df5c07d18c05384c8c70749595e154f1') in 0.014294 seconds
  Import took 0.019873 seconds .

========================================================================
Received Prepare
Registering precompiled user dll's ...
Registered in 0.008939 seconds.
Begin MonoManager ReloadAssembly
Native extension for WindowsStandalone target not found
Refreshing native plugins compatible for Editor in 0.51 ms, found 2 plugins.
Preloading 0 native plugins for Editor in 0.00 ms.
Mono: successfully reloaded assembly
- Completed reload, in  1.761 seconds
Platform modules already initialized, skipping
Refreshing native plugins compatible for Editor in 0.82 ms, found 2 plugins.
Preloading 0 native plugins for Editor in 0.00 ms.
Unloading 1415 Unused Serialized files (Serialized files now loaded: 0)
System memory in use before: 69.9 MB.
System memory in use after: 70.0 MB.

Unloading 11 unused Assets to reduce memory usage. Loaded Objects now: 1868.
Total: 2.925400 ms (FindLiveObjects: 0.228100 ms CreateObjectMapping: 0.136200 ms MarkObjects: 2.530600 ms  DeleteObjects: 0.028300 ms)

========================================================================
Received Import Request.
  Time since last request: 50.312223 seconds.
  path: Assets/Scripts/Projectile.cs
  artifactKey: Guid(523379ccfb1e3b04eaa8dfe297c5f1a2) Importer(815301076,1909f56bfc062723c751e8b465ee728b)
Start importing Assets/Scripts/Projectile.cs using Guid(523379ccfb1e3b04eaa8dfe297c5f1a2) Importer(815301076,1909f56bfc062723c751e8b465ee728b)  -> (artifact id: 'ed4a11c5070d1d4e60ce29f7595b64d2') in 0.023229 seconds
  Import took 0.028967 seconds .

========================================================================
Received Import Request.
  Time since last request: 0.001950 seconds.
  path: Assets/Scripts/Projectile.cs
  artifactKey: Guid(523379ccfb1e3b04eaa8dfe297c5f1a2) Importer(815301076,1909f56bfc062723c751e8b465ee728b)
Start importing Assets/Scripts/Projectile.cs using Guid(523379ccfb1e3b04eaa8dfe297c5f1a2) Importer(815301076,1909f56bfc062723c751e8b465ee728b)  -> (artifact id: 'ed4a11c5070d1d4e60ce29f7595b64d2') in 0.011251 seconds
  Import took 0.017412 seconds .

========================================================================
Received Prepare
Registering precompiled user dll's ...
Registered in 0.010502 seconds.
Begin MonoManager ReloadAssembly
Native extension for WindowsStandalone target not found
Refreshing native plugins compatible for Editor in 0.69 ms, found 2 plugins.
Preloading 0 native plugins for Editor in 0.00 ms.
Mono: successfully reloaded assembly
- Completed reload, in  1.734 seconds
Platform modules already initialized, skipping
Refreshing native plugins compatible for Editor in 0.54 ms, found 2 plugins.
Preloading 0 native plugins for Editor in 0.00 ms.
Unloading 1415 Unused Serialized files (Serialized files now loaded: 0)
System memory in use before: 70.0 MB.
System memory in use after: 70.1 MB.

Unloading 11 unused Assets to reduce memory usage. Loaded Objects now: 1870.
Total: 2.965800 ms (FindLiveObjects: 0.226700 ms CreateObjectMapping: 0.138100 ms MarkObjects: 2.570200 ms  DeleteObjects: 0.028800 ms)

========================================================================
Received Import Request.
  Time since last request: 14.064107 seconds.
  path: Assets/Prefabs/Enemy.prefab
  artifactKey: Guid(84b0aaecf9a18c549bd474cf6e27cd66) Importer(815301076,1909f56bfc062723c751e8b465ee728b)
Start importing Assets/Prefabs/Enemy.prefab using Guid(84b0aaecf9a18c549bd474cf6e27cd66) Importer(815301076,1909f56bfc062723c751e8b465ee728b)  -> (artifact id: 'fce3a7893ccaf3d6095635f0a1236f3f') in 0.157359 seconds
  Import took 0.163126 seconds .

========================================================================
Received Import Request.
  Time since last request: 0.000377 seconds.
  path: Assets/Prefabs/Projectile.prefab
  artifactKey: Guid(3643cf695c219c04fba1c5e7467418da) Importer(815301076,1909f56bfc062723c751e8b465ee728b)
Start importing Assets/Prefabs/Projectile.prefab using Guid(3643cf695c219c04fba1c5e7467418da) Importer(815301076,1909f56bfc062723c751e8b465ee728b)  -> (artifact id: '9ea71d6a5a67d08bb5a8becddae6c301') in 0.038536 seconds
  Import took 0.044267 seconds .

========================================================================
Received Import Request.
  Time since last request: 0.000397 seconds.
  path: Assets/Prefabs/Player.prefab
  artifactKey: Guid(aa4c0abc352002b4bbae2ca619754403) Importer(815301076,1909f56bfc062723c751e8b465ee728b)
Start importing Assets/Prefabs/Player.prefab using Guid(aa4c0abc352002b4bbae2ca619754403) Importer(815301076,1909f56bfc062723c751e8b465ee728b)  -> (artifact id: 'fd6d4c70cc25ef1f278edebe27b3dfd8') in 0.103657 seconds
  Import took 0.109532 seconds .

========================================================================
Received Import Request.
  Time since last request: 9.493594 seconds.
  path: Assets/Prefabs/Projectile.prefab
  artifactKey: Guid(3643cf695c219c04fba1c5e7467418da) Importer(815301076,1909f56bfc062723c751e8b465ee728b)
Start importing Assets/Prefabs/Projectile.prefab using Guid(3643cf695c219c04fba1c5e7467418da) Importer(815301076,1909f56bfc062723c751e8b465ee728b)  -> (artifact id: 'fd2618196900a81aa9281c3448002a0b') in 0.036010 seconds
  Import took 0.045055 seconds .

========================================================================
Received Import Request.
  Time since last request: 7.427663 seconds.
  path: Assets/Prefabs/Enemy.prefab
  artifactKey: Guid(84b0aaecf9a18c549bd474cf6e27cd66) Importer(815301076,1909f56bfc062723c751e8b465ee728b)
Start importing Assets/Prefabs/Enemy.prefab using Guid(84b0aaecf9a18c549bd474cf6e27cd66) Importer(815301076,1909f56bfc062723c751e8b465ee728b)  -> (artifact id: '3f782de944ac928a7fb4e6bc59c1ef77') in 0.078686 seconds
  Import took 0.092890 seconds .

========================================================================
Received Import Request.
  Time since last request: 12.213109 seconds.
  path: Assets/Scripts/Enemy.cs
  artifactKey: Guid(4f79e5f3a0ebca84e8f3029077037422) Importer(815301076,1909f56bfc062723c751e8b465ee728b)
Start importing Assets/Scripts/Enemy.cs using Guid(4f79e5f3a0ebca84e8f3029077037422) Importer(815301076,1909f56bfc062723c751e8b465ee728b)  -> (artifact id: '21367c8f1d9b57e823cc43ffce009027') in 0.009161 seconds
  Import took 0.014558 seconds .

========================================================================
Received Import Request.
  Time since last request: 10.346336 seconds.
  path: Assets/Scripts/Enemy.cs
  artifactKey: Guid(4f79e5f3a0ebca84e8f3029077037422) Importer(815301076,1909f56bfc062723c751e8b465ee728b)
Start importing Assets/Scripts/Enemy.cs using Guid(4f79e5f3a0ebca84e8f3029077037422) Importer(815301076,1909f56bfc062723c751e8b465ee728b)  -> (artifact id: '51a7d832a87fce35b106c1b8fc3f60d1') in 0.009741 seconds
  Import took 0.015923 seconds .

========================================================================
Received Prepare
Registering precompiled user dll's ...
Registered in 0.009623 seconds.
Begin MonoManager ReloadAssembly
Native extension for WindowsStandalone target not found
Refreshing native plugins compatible for Editor in 0.54 ms, found 2 plugins.
Preloading 0 native plugins for Editor in 0.00 ms.
Mono: successfully reloaded assembly
- Completed reload, in  1.674 seconds
Platform modules already initialized, skipping
Refreshing native plugins compatible for Editor in 0.57 ms, found 2 plugins.
Preloading 0 native plugins for Editor in 0.00 ms.
Unloading 1415 Unused Serialized files (Serialized files now loaded: 0)
System memory in use before: 73.2 MB.
System memory in use after: 73.3 MB.

Unloading 11 unused Assets to reduce memory usage. Loaded Objects now: 1881.
Total: 2.938300 ms (FindLiveObjects: 0.229700 ms CreateObjectMapping: 0.163100 ms MarkObjects: 2.519100 ms  DeleteObjects: 0.024400 ms)

========================================================================
Received Import Request.
  Time since last request: 21.998943 seconds.
  path: Assets/Scripts/Power Ups
  artifactKey: Guid(63551e2c01e924c4cad3802066feca37) Importer(815301076,1909f56bfc062723c751e8b465ee728b)
Start importing Assets/Scripts/Power Ups using Guid(63551e2c01e924c4cad3802066feca37) Importer(815301076,1909f56bfc062723c751e8b465ee728b)  -> (artifact id: 'fe19f48cc07de14fcd4515e3aa6c6c78') in 0.024359 seconds
  Import took 0.029337 seconds .

========================================================================
Received Import Request.
  Time since last request: 1.875546 seconds.
  path: Assets/Scripts/Power Ups/PowerUp.cs
  artifactKey: Guid(53db949afd8113d47bc60c1e1304cb22) Importer(815301076,1909f56bfc062723c751e8b465ee728b)
Start importing Assets/Scripts/Power Ups/PowerUp.cs using Guid(53db949afd8113d47bc60c1e1304cb22) Importer(815301076,1909f56bfc062723c751e8b465ee728b)  -> (artifact id: '09b7f1409be1f64c4b5ccc7a4c067bba') in 0.018403 seconds
  Import took 0.023704 seconds .

========================================================================
Received Import Request.
  Time since last request: 37.239391 seconds.
  path: Assets/Scripts/Power Ups/PowerUp.cs
  artifactKey: Guid(53db949afd8113d47bc60c1e1304cb22) Importer(815301076,1909f56bfc062723c751e8b465ee728b)
Start importing Assets/Scripts/Power Ups/PowerUp.cs using Guid(53db949afd8113d47bc60c1e1304cb22) Importer(815301076,1909f56bfc062723c751e8b465ee728b)  -> (artifact id: 'a9f4b19a587a3cc23619a32c90749e0c') in 0.023061 seconds
  Import took 0.032978 seconds .

========================================================================
Received Import Request.
  Time since last request: 12.166525 seconds.
  path: Assets/Scripts/Power Ups/PowerUp.cs
  artifactKey: Guid(53db949afd8113d47bc60c1e1304cb22) Importer(815301076,1909f56bfc062723c751e8b465ee728b)
Start importing Assets/Scripts/Power Ups/PowerUp.cs using Guid(53db949afd8113d47bc60c1e1304cb22) Importer(815301076,1909f56bfc062723c751e8b465ee728b)  -> (artifact id: '4a55a3df1627e4d78e1772c73f6ac418') in 0.014413 seconds
  Import took 0.024687 seconds .

========================================================================
Received Import Request.
  Time since last request: 0.008079 seconds.
  path: Assets/Scripts/Power Ups/PowerUp.cs
  artifactKey: Guid(53db949afd8113d47bc60c1e1304cb22) Importer(815301076,1909f56bfc062723c751e8b465ee728b)
Start importing Assets/Scripts/Power Ups/PowerUp.cs using Guid(53db949afd8113d47bc60c1e1304cb22) Importer(815301076,1909f56bfc062723c751e8b465ee728b)  -> (artifact id: '4a55a3df1627e4d78e1772c73f6ac418') in 0.011211 seconds
  Import took 0.034681 seconds .

========================================================================
Received Import Request.
  Time since last request: 8.321542 seconds.
  path: Assets/Scripts/Power Ups/PowerUp.cs
  artifactKey: Guid(53db949afd8113d47bc60c1e1304cb22) Importer(815301076,1909f56bfc062723c751e8b465ee728b)
Start importing Assets/Scripts/Power Ups/PowerUp.cs using Guid(53db949afd8113d47bc60c1e1304cb22) Importer(815301076,1909f56bfc062723c751e8b465ee728b)  -> (artifact id: '22c5c805f9bc753c881cb50ffdb669ab') in 0.011596 seconds
  Import took 0.016495 seconds .

========================================================================
Received Import Request.
  Time since last request: 11.934907 seconds.
  path: Assets/Scripts/Power Ups/PowerUp.cs
  artifactKey: Guid(53db949afd8113d47bc60c1e1304cb22) Importer(815301076,1909f56bfc062723c751e8b465ee728b)
Start importing Assets/Scripts/Power Ups/PowerUp.cs using Guid(53db949afd8113d47bc60c1e1304cb22) Importer(815301076,1909f56bfc062723c751e8b465ee728b)  -> (artifact id: '4ac26686a6ab04be1888ae790666d649') in 0.009763 seconds
  Import took 0.014424 seconds .

========================================================================
Received Prepare
Registering precompiled user dll's ...
Registered in 0.007792 seconds.
Begin MonoManager ReloadAssembly
Native extension for WindowsStandalone target not found
Refreshing native plugins compatible for Editor in 0.54 ms, found 2 plugins.
Preloading 0 native plugins for Editor in 0.00 ms.
Mono: successfully reloaded assembly
- Completed reload, in  1.707 seconds
Platform modules already initialized, skipping
Refreshing native plugins compatible for Editor in 0.73 ms, found 2 plugins.
Preloading 0 native plugins for Editor in 0.00 ms.
Unloading 1415 Unused Serialized files (Serialized files now loaded: 0)
System memory in use before: 73.2 MB.
System memory in use after: 73.3 MB.

Unloading 11 unused Assets to reduce memory usage. Loaded Objects now: 1883.
Total: 5.059200 ms (FindLiveObjects: 0.243200 ms CreateObjectMapping: 0.146100 ms MarkObjects: 4.607000 ms  DeleteObjects: 0.060000 ms)

AssetImportWorkerClient::OnTransportError - code=2 error=End of file
