Using pre-set license
Built from '2020.3/staging' branch; Version is '2020.3.11f1 (99c7afb366b3) revision 10078127'; Using compiler version '192528614'; Build Type 'Release'
OS: 'Windows 10 Home; OS build 19043.1415; Version 2009; 64bit' Language: 'es' Physical Memory: 8149 MB
BatchMode: 1, IsHumanControllingUs: 0, StartBugReporterOnCrash: 0, Is64bit: 1, IsPro: 0

 COMMAND LINE ARGUMENTS:
C:\Program Files\Unity\Hub\Editor\2020.3.11f1\Editor\Unity.exe
-adb2
-batchMode
-noUpm
-name
AssetImportWorker1
-projectPath
I:/Git_Projecte/Networks-and-online-games/4. Multiplayer Game/Client
-logFile
Logs/AssetImportWorker1.log
-srvPort
61021
Successfully changed project path to: I:/Git_Projecte/Networks-and-online-games/4. Multiplayer Game/Client
I:/Git_Projecte/Networks-and-online-games/4. Multiplayer Game/Client
Using Asset Import Pipeline V2.
Refreshing native plugins compatible for Editor in 57.57 ms, found 2 plugins.
Preloading 0 native plugins for Editor in 0.00 ms.
Initialize engine version: 2020.3.11f1 (99c7afb366b3)
[Subsystems] Discovering subsystems at path C:/Program Files/Unity/Hub/Editor/2020.3.11f1/Editor/Data/Resources/UnitySubsystems
[Subsystems] Discovering subsystems at path I:/Git_Projecte/Networks-and-online-games/4. Multiplayer Game/Client/Assets
GfxDevice: creating device client; threaded=0
Direct3D:
    Version:  Direct3D 11.0 [level 11.0]
    Renderer: NVIDIA GeForce GTX 660 (ID=0x11c0)
    Vendor:   
    VRAM:     1998 MB
    Driver:   30.0.14.7212
Initialize mono
Mono path[0] = 'C:/Program Files/Unity/Hub/Editor/2020.3.11f1/Editor/Data/Managed'
Mono path[1] = 'C:/Program Files/Unity/Hub/Editor/2020.3.11f1/Editor/Data/MonoBleedingEdge/lib/mono/unityjit'
Mono config path = 'C:/Program Files/Unity/Hub/Editor/2020.3.11f1/Editor/Data/MonoBleedingEdge/etc'
Using monoOptions --debugger-agent=transport=dt_socket,embedding=1,server=y,suspend=n,address=127.0.0.1:56380
Begin MonoManager ReloadAssembly
Registering precompiled unity dll's ...
Register platform support module: C:/Program Files/Unity/Hub/Editor/2020.3.11f1/Editor/Data/PlaybackEngines/WindowsStandaloneSupport/UnityEditor.WindowsStandalone.Extensions.dll
Registered in 0.004574 seconds.
Native extension for WindowsStandalone target not found
Refreshing native plugins compatible for Editor in 53.05 ms, found 2 plugins.
Preloading 0 native plugins for Editor in 0.00 ms.
Mono: successfully reloaded assembly
- Completed reload, in  8.541 seconds
Platform modules already initialized, skipping
Registering precompiled user dll's ...
Registered in 0.005385 seconds.
Begin MonoManager ReloadAssembly
Native extension for WindowsStandalone target not found
Refreshing native plugins compatible for Editor in 0.70 ms, found 2 plugins.
Preloading 0 native plugins for Editor in 0.00 ms.
Mono: successfully reloaded assembly
- Completed reload, in  1.723 seconds
Platform modules already initialized, skipping
========================================================================
Worker process is ready to serve import requests
Launched and connected shader compiler UnityShaderCompiler.exe after 0.33 seconds
Refreshing native plugins compatible for Editor in 0.43 ms, found 2 plugins.
Preloading 0 native plugins for Editor in 0.00 ms.
Unloading 1430 Unused Serialized files (Serialized files now loaded: 0)
System memory in use before: 90.4 MB.
System memory in use after: 90.5 MB.

Unloading 15 unused Assets to reduce memory usage. Loaded Objects now: 1891.
Total: 2.404400 ms (FindLiveObjects: 0.158800 ms CreateObjectMapping: 0.057500 ms MarkObjects: 2.159800 ms  DeleteObjects: 0.026500 ms)

========================================================================
Received Import Request.
  path: Assets/Scenes/SampleScene.unity
  artifactKey: Guid(9fc0d4010bbf28b4594072e72b8655ab) Importer(815301076,1909f56bfc062723c751e8b465ee728b)
Start importing Assets/Scenes/SampleScene.unity using Guid(9fc0d4010bbf28b4594072e72b8655ab) Importer(815301076,1909f56bfc062723c751e8b465ee728b)  -> (artifact id: 'a4492ab722fea90479c586dac1eb7620') in 0.065954 seconds
  Import took 0.082851 seconds .

========================================================================
Received Prepare
Registering precompiled user dll's ...
Registered in 0.004670 seconds.
Begin MonoManager ReloadAssembly
Native extension for WindowsStandalone target not found
Refreshing native plugins compatible for Editor in 0.85 ms, found 2 plugins.
Preloading 0 native plugins for Editor in 0.00 ms.
Mono: successfully reloaded assembly
- Completed reload, in  1.364 seconds
Platform modules already initialized, skipping
Refreshing native plugins compatible for Editor in 0.43 ms, found 2 plugins.
Preloading 0 native plugins for Editor in 0.00 ms.
Unloading 1417 Unused Serialized files (Serialized files now loaded: 0)
System memory in use before: 89.5 MB.
System memory in use after: 89.6 MB.

Unloading 11 unused Assets to reduce memory usage. Loaded Objects now: 1893.
Total: 2.187700 ms (FindLiveObjects: 0.153000 ms CreateObjectMapping: 0.072800 ms MarkObjects: 1.938200 ms  DeleteObjects: 0.022200 ms)

========================================================================
Received Prepare
Registering precompiled user dll's ...
Registered in 0.005837 seconds.
Begin MonoManager ReloadAssembly
Native extension for WindowsStandalone target not found
Refreshing native plugins compatible for Editor in 0.43 ms, found 2 plugins.
Preloading 0 native plugins for Editor in 0.00 ms.
Mono: successfully reloaded assembly
- Completed reload, in  1.337 seconds
Platform modules already initialized, skipping
Refreshing native plugins compatible for Editor in 0.43 ms, found 2 plugins.
Preloading 0 native plugins for Editor in 0.00 ms.
Unloading 1417 Unused Serialized files (Serialized files now loaded: 0)
System memory in use before: 89.5 MB.
System memory in use after: 89.6 MB.

Unloading 11 unused Assets to reduce memory usage. Loaded Objects now: 1895.
Total: 2.023900 ms (FindLiveObjects: 0.148100 ms CreateObjectMapping: 0.054800 ms MarkObjects: 1.804100 ms  DeleteObjects: 0.015300 ms)

========================================================================
Received Prepare
Registering precompiled user dll's ...
Registered in 0.005454 seconds.
Begin MonoManager ReloadAssembly
Native extension for WindowsStandalone target not found
Refreshing native plugins compatible for Editor in 0.59 ms, found 2 plugins.
Preloading 0 native plugins for Editor in 0.00 ms.
Mono: successfully reloaded assembly
- Completed reload, in  1.225 seconds
Platform modules already initialized, skipping
Refreshing native plugins compatible for Editor in 0.44 ms, found 2 plugins.
Preloading 0 native plugins for Editor in 0.00 ms.
Unloading 1417 Unused Serialized files (Serialized files now loaded: 0)
System memory in use before: 89.6 MB.
System memory in use after: 89.7 MB.

Unloading 11 unused Assets to reduce memory usage. Loaded Objects now: 1897.
Total: 2.606100 ms (FindLiveObjects: 0.198500 ms CreateObjectMapping: 0.056600 ms MarkObjects: 2.332700 ms  DeleteObjects: 0.016700 ms)

========================================================================
Received Prepare
Refreshing native plugins compatible for Editor in 3.80 ms, found 2 plugins.
Preloading 0 native plugins for Editor in 0.00 ms.
Unloading 9 Unused Serialized files (Serialized files now loaded: 0)
System memory in use before: 61.7 MB.
System memory in use after: 61.8 MB.

Unloading 9 unused Assets to reduce memory usage. Loaded Objects now: 1897.
Total: 2.870400 ms (FindLiveObjects: 0.314000 ms CreateObjectMapping: 0.078800 ms MarkObjects: 2.450700 ms  DeleteObjects: 0.024900 ms)

========================================================================
Received Prepare
Registering precompiled user dll's ...
Registered in 0.006306 seconds.
Begin MonoManager ReloadAssembly
Native extension for WindowsStandalone target not found
Refreshing native plugins compatible for Editor in 0.73 ms, found 2 plugins.
Preloading 0 native plugins for Editor in 0.00 ms.
Mono: successfully reloaded assembly
- Completed reload, in  1.439 seconds
Platform modules already initialized, skipping
Refreshing native plugins compatible for Editor in 0.48 ms, found 2 plugins.
Preloading 0 native plugins for Editor in 0.00 ms.
Unloading 1417 Unused Serialized files (Serialized files now loaded: 0)
System memory in use before: 89.6 MB.
System memory in use after: 89.7 MB.

Unloading 11 unused Assets to reduce memory usage. Loaded Objects now: 1899.
Total: 2.341900 ms (FindLiveObjects: 0.176700 ms CreateObjectMapping: 0.055800 ms MarkObjects: 2.083500 ms  DeleteObjects: 0.024000 ms)

========================================================================
Received Import Request.
  Time since last request: 177.199425 seconds.
  path: Assets/Prefabs/Enemy.prefab
  artifactKey: Guid(84b0aaecf9a18c549bd474cf6e27cd66) Importer(815301076,1909f56bfc062723c751e8b465ee728b)
Start importing Assets/Prefabs/Enemy.prefab using Guid(84b0aaecf9a18c549bd474cf6e27cd66) Importer(815301076,1909f56bfc062723c751e8b465ee728b)  -> (artifact id: 'b28146022686868ff2d63311bd7ed8ef') in 0.388917 seconds
  Import took 0.410780 seconds .

========================================================================
Received Import Request.
  Time since last request: 0.000280 seconds.
  path: Assets/Prefabs/LiveHolder.prefab
  artifactKey: Guid(fd06cd23c237d9b4fb7937660f95a952) Importer(815301076,1909f56bfc062723c751e8b465ee728b)
Start importing Assets/Prefabs/LiveHolder.prefab using Guid(fd06cd23c237d9b4fb7937660f95a952) Importer(815301076,1909f56bfc062723c751e8b465ee728b)  -> (artifact id: 'e35ba41bb3f548bfc90ef92b069758d6') in 0.023050 seconds
  Import took 0.026833 seconds .

========================================================================
Received Import Request.
  Time since last request: 0.000252 seconds.
  path: Assets/Prefabs/PlayerProjectile.prefab
  artifactKey: Guid(3643cf695c219c04fba1c5e7467418da) Importer(815301076,1909f56bfc062723c751e8b465ee728b)
Start importing Assets/Prefabs/PlayerProjectile.prefab using Guid(3643cf695c219c04fba1c5e7467418da) Importer(815301076,1909f56bfc062723c751e8b465ee728b)  -> (artifact id: 'a49f36ee58c68dd5b596c1e208e9a214') in 0.085305 seconds
  Import took 0.089492 seconds .

========================================================================
Received Import Request.
  Time since last request: 0.000257 seconds.
  path: Assets/Prefabs/Player.prefab
  artifactKey: Guid(aa4c0abc352002b4bbae2ca619754403) Importer(815301076,1909f56bfc062723c751e8b465ee728b)
Start importing Assets/Prefabs/Player.prefab using Guid(aa4c0abc352002b4bbae2ca619754403) Importer(815301076,1909f56bfc062723c751e8b465ee728b)  -> (artifact id: '95ac407966189cdadfa98f2c75bf00fc') in 0.355601 seconds
  Import took 0.379969 seconds .

========================================================================
Received Import Request.
  Time since last request: 0.000243 seconds.
  path: Assets/Prefabs/EnemyProjectile.prefab
  artifactKey: Guid(c48a9cef9349c0e4d815b25526e52e32) Importer(815301076,1909f56bfc062723c751e8b465ee728b)
Start importing Assets/Prefabs/EnemyProjectile.prefab using Guid(c48a9cef9349c0e4d815b25526e52e32) Importer(815301076,1909f56bfc062723c751e8b465ee728b)  -> (artifact id: '20d3395c2e3f7402f0cd0a7f1f27eaed') in 0.014571 seconds
  Import took 0.026053 seconds .

========================================================================
Received Import Request.
  Time since last request: 9.930128 seconds.
  path: Assets/Prefabs/Enemy.prefab
  artifactKey: Guid(84b0aaecf9a18c549bd474cf6e27cd66) Importer(815301076,1909f56bfc062723c751e8b465ee728b)
Start importing Assets/Prefabs/Enemy.prefab using Guid(84b0aaecf9a18c549bd474cf6e27cd66) Importer(815301076,1909f56bfc062723c751e8b465ee728b)  -> (artifact id: '0e4cfbea3845f9340ac9361b97775264') in 0.039156 seconds
  Import took 0.059570 seconds .

========================================================================
Received Import Request.
  Time since last request: 0.093114 seconds.
  path: Assets/Prefabs/Enemy.prefab
  artifactKey: Guid(84b0aaecf9a18c549bd474cf6e27cd66) Importer(815301076,1909f56bfc062723c751e8b465ee728b)
Start importing Assets/Prefabs/Enemy.prefab using Guid(84b0aaecf9a18c549bd474cf6e27cd66) Importer(815301076,1909f56bfc062723c751e8b465ee728b)  -> (artifact id: '376393d92c886d7f81b6dd10d581001d') in 0.037246 seconds
  Import took 0.058480 seconds .

========================================================================
Received Import Request.
  Time since last request: 0.007374 seconds.
  path: Assets/Prefabs/Enemy.prefab
  artifactKey: Guid(84b0aaecf9a18c549bd474cf6e27cd66) Importer(815301076,1909f56bfc062723c751e8b465ee728b)
Start importing Assets/Prefabs/Enemy.prefab using Guid(84b0aaecf9a18c549bd474cf6e27cd66) Importer(815301076,1909f56bfc062723c751e8b465ee728b)  -> (artifact id: '376393d92c886d7f81b6dd10d581001d') in 0.032281 seconds
  Import took 0.037167 seconds .

========================================================================
Received Import Request.
  Time since last request: 0.123371 seconds.
  path: Assets/Prefabs/Enemy.prefab
  artifactKey: Guid(84b0aaecf9a18c549bd474cf6e27cd66) Importer(815301076,1909f56bfc062723c751e8b465ee728b)
Start importing Assets/Prefabs/Enemy.prefab using Guid(84b0aaecf9a18c549bd474cf6e27cd66) Importer(815301076,1909f56bfc062723c751e8b465ee728b)  -> (artifact id: 'b70ceb93e2aecd7281a4ba5ce9e4472c') in 0.035330 seconds
  Import took 0.063049 seconds .

