Using pre-set license
Built from '2020.3/staging' branch; Version is '2020.3.11f1 (99c7afb366b3) revision 10078127'; Using compiler version '192528614'; Build Type 'Release'
OS: 'Windows 10 Home; OS build 19041.1415; Version 2004; 64bit' Language: 'ca' Physical Memory: 8067 MB
BatchMode: 1, IsHumanControllingUs: 0, StartBugReporterOnCrash: 0, Is64bit: 1, IsPro: 0

 COMMAND LINE ARGUMENTS:
C:\Program Files\Unity\Hub\Editor\2020.3.11f1\Editor\Unity.exe
-adb2
-batchMode
-noUpm
-name
AssetImportWorker2
-projectPath
C:/Users/ADMIN/Documents/GitHub/Networks-and-online-games/4. Multiplayer Game/Client
-logFile
Logs/AssetImportWorker2.log
-srvPort
60821
Successfully changed project path to: C:/Users/ADMIN/Documents/GitHub/Networks-and-online-games/4. Multiplayer Game/Client
C:/Users/ADMIN/Documents/GitHub/Networks-and-online-games/4. Multiplayer Game/Client
Using Asset Import Pipeline V2.
Refreshing native plugins compatible for Editor in 144.31 ms, found 2 plugins.
Preloading 0 native plugins for Editor in 0.00 ms.
Initialize engine version: 2020.3.11f1 (99c7afb366b3)
[Subsystems] Discovering subsystems at path C:/Program Files/Unity/Hub/Editor/2020.3.11f1/Editor/Data/Resources/UnitySubsystems
[Subsystems] Discovering subsystems at path C:/Users/ADMIN/Documents/GitHub/Networks-and-online-games/4. Multiplayer Game/Client/Assets
GfxDevice: creating device client; threaded=0
Direct3D:
    Version:  Direct3D 11.0 [level 11.0]
    Renderer: Intel(R) HD Graphics 4000 (ID=0x166)
    Vendor:   
    VRAM:     128 MB
    Driver:   10.18.10.4358
Initialize mono
Mono path[0] = 'C:/Program Files/Unity/Hub/Editor/2020.3.11f1/Editor/Data/Managed'
Mono path[1] = 'C:/Program Files/Unity/Hub/Editor/2020.3.11f1/Editor/Data/MonoBleedingEdge/lib/mono/unityjit'
Mono config path = 'C:/Program Files/Unity/Hub/Editor/2020.3.11f1/Editor/Data/MonoBleedingEdge/etc'
Using monoOptions --debugger-agent=transport=dt_socket,embedding=1,server=y,suspend=n,address=127.0.0.1:56604
Begin MonoManager ReloadAssembly
Registering precompiled unity dll's ...
Register platform support module: C:/Program Files/Unity/Hub/Editor/2020.3.11f1/Editor/Data/PlaybackEngines/WindowsStandaloneSupport/UnityEditor.WindowsStandalone.Extensions.dll
Registered in 0.038452 seconds.
Native extension for WindowsStandalone target not found
Refreshing native plugins compatible for Editor in 112.20 ms, found 2 plugins.
Preloading 0 native plugins for Editor in 0.00 ms.
Mono: successfully reloaded assembly
- Completed reload, in  5.006 seconds
Platform modules already initialized, skipping
Registering precompiled user dll's ...
Registered in 0.025917 seconds.
Begin MonoManager ReloadAssembly
Native extension for WindowsStandalone target not found
Refreshing native plugins compatible for Editor in 1.05 ms, found 2 plugins.
Preloading 0 native plugins for Editor in 0.00 ms.
Mono: successfully reloaded assembly
- Completed reload, in  4.240 seconds
Platform modules already initialized, skipping
========================================================================
Worker process is ready to serve import requests
Launched and connected shader compiler UnityShaderCompiler.exe after 0.29 seconds
Refreshing native plugins compatible for Editor in 0.89 ms, found 2 plugins.
Preloading 0 native plugins for Editor in 0.00 ms.
Unloading 1428 Unused Serialized files (Serialized files now loaded: 0)
System memory in use before: 70.9 MB.
System memory in use after: 70.9 MB.

Unloading 16 unused Assets to reduce memory usage. Loaded Objects now: 1866.
Total: 5.208200 ms (FindLiveObjects: 0.455500 ms CreateObjectMapping: 0.195100 ms MarkObjects: 4.347400 ms  DeleteObjects: 0.207700 ms)

========================================================================
Received Import Request.
  path: Assets/Scripts/NetworkedObjects/NetworkedObject.cs
  artifactKey: Guid(9d21aa8a0e7ba2e4caa627327687dfa1) Importer(815301076,1909f56bfc062723c751e8b465ee728b)
Start importing Assets/Scripts/NetworkedObjects/NetworkedObject.cs using Guid(9d21aa8a0e7ba2e4caa627327687dfa1) Importer(815301076,1909f56bfc062723c751e8b465ee728b)  -> (artifact id: '957c7f21cbc881e2de1008e007ba6d11') in 0.106398 seconds
  Import took 0.115690 seconds .

========================================================================
Received Import Request.
  Time since last request: 13.374299 seconds.
  path: Assets/Scripts/Message.cs
  artifactKey: Guid(960484779ca515340b45bd680a681525) Importer(815301076,1909f56bfc062723c751e8b465ee728b)
Start importing Assets/Scripts/Message.cs using Guid(960484779ca515340b45bd680a681525) Importer(815301076,1909f56bfc062723c751e8b465ee728b)  -> (artifact id: '4e30c214969a2a4a4a17b381c156e1ca') in 0.026189 seconds
  Import took 0.037238 seconds .

========================================================================
Received Import Request.
  Time since last request: 0.066209 seconds.
  path: Assets/Scripts/Message.cs
  artifactKey: Guid(960484779ca515340b45bd680a681525) Importer(815301076,1909f56bfc062723c751e8b465ee728b)
Start importing Assets/Scripts/Message.cs using Guid(960484779ca515340b45bd680a681525) Importer(815301076,1909f56bfc062723c751e8b465ee728b)  -> (artifact id: '4e30c214969a2a4a4a17b381c156e1ca') in 0.007247 seconds
  Import took 0.014242 seconds .

========================================================================
Received Import Request.
  Time since last request: 156.119610 seconds.
  path: Assets/Scripts/Message.cs
  artifactKey: Guid(960484779ca515340b45bd680a681525) Importer(815301076,1909f56bfc062723c751e8b465ee728b)
Start importing Assets/Scripts/Message.cs using Guid(960484779ca515340b45bd680a681525) Importer(815301076,1909f56bfc062723c751e8b465ee728b)  -> (artifact id: '3a048d9ad10b6de3e599f3e5cccb6674') in 0.065554 seconds
  Import took 0.076286 seconds .

========================================================================
Received Import Request.
  Time since last request: 54.288289 seconds.
  path: Assets/Scripts/Message.cs
  artifactKey: Guid(960484779ca515340b45bd680a681525) Importer(815301076,1909f56bfc062723c751e8b465ee728b)
Start importing Assets/Scripts/Message.cs using Guid(960484779ca515340b45bd680a681525) Importer(815301076,1909f56bfc062723c751e8b465ee728b)  -> (artifact id: '6bddf691c94e522c0395fddba7111618') in 0.030440 seconds
  Import took 0.044867 seconds .

========================================================================
Received Import Request.
  Time since last request: 0.002277 seconds.
  path: Assets/Scripts/Message.cs
  artifactKey: Guid(960484779ca515340b45bd680a681525) Importer(815301076,1909f56bfc062723c751e8b465ee728b)
Start importing Assets/Scripts/Message.cs using Guid(960484779ca515340b45bd680a681525) Importer(815301076,1909f56bfc062723c751e8b465ee728b)  -> (artifact id: '6bddf691c94e522c0395fddba7111618') in 0.021077 seconds
  Import took 0.027608 seconds .

========================================================================
Received Import Request.
  Time since last request: 22.284578 seconds.
  path: Assets/Scripts/Message.cs
  artifactKey: Guid(960484779ca515340b45bd680a681525) Importer(815301076,1909f56bfc062723c751e8b465ee728b)
Start importing Assets/Scripts/Message.cs using Guid(960484779ca515340b45bd680a681525) Importer(815301076,1909f56bfc062723c751e8b465ee728b)  -> (artifact id: '5ef44ea30f6730863cdaa8b491eb5193') in 0.021915 seconds
  Import took 0.035966 seconds .

========================================================================
Received Import Request.
  Time since last request: 183.420098 seconds.
  path: Assets/Scripts/Message.cs
  artifactKey: Guid(960484779ca515340b45bd680a681525) Importer(815301076,1909f56bfc062723c751e8b465ee728b)
Start importing Assets/Scripts/Message.cs using Guid(960484779ca515340b45bd680a681525) Importer(815301076,1909f56bfc062723c751e8b465ee728b)  -> (artifact id: 'ca7f59939ae9f2739a36f8f4077ef2b1') in 0.013354 seconds
  Import took 0.041055 seconds .

========================================================================
Received Import Request.
  Time since last request: 13.700825 seconds.
  path: Assets/Scripts/Message.cs
  artifactKey: Guid(960484779ca515340b45bd680a681525) Importer(815301076,1909f56bfc062723c751e8b465ee728b)
Start importing Assets/Scripts/Message.cs using Guid(960484779ca515340b45bd680a681525) Importer(815301076,1909f56bfc062723c751e8b465ee728b)  -> (artifact id: '5be25978d241651a1673c13476565e30') in 0.052610 seconds
  Import took 0.064113 seconds .

========================================================================
Received Prepare
Registering precompiled user dll's ...
Registered in 0.011455 seconds.
Begin MonoManager ReloadAssembly
Native extension for WindowsStandalone target not found
Refreshing native plugins compatible for Editor in 0.54 ms, found 2 plugins.
Preloading 0 native plugins for Editor in 0.00 ms.
Mono: successfully reloaded assembly
- Completed reload, in  2.111 seconds
Platform modules already initialized, skipping
Refreshing native plugins compatible for Editor in 0.88 ms, found 2 plugins.
Preloading 0 native plugins for Editor in 0.00 ms.
Unloading 1415 Unused Serialized files (Serialized files now loaded: 0)
System memory in use before: 70.0 MB.
System memory in use after: 70.1 MB.

Unloading 11 unused Assets to reduce memory usage. Loaded Objects now: 1868.
Total: 3.332600 ms (FindLiveObjects: 0.404700 ms CreateObjectMapping: 0.206000 ms MarkObjects: 2.686700 ms  DeleteObjects: 0.033200 ms)

========================================================================
Received Import Request.
  Time since last request: 277.124377 seconds.
  path: Assets/Scripts/UDPObject.cs
  artifactKey: Guid(de6c234eb88ded3469717107801466e9) Importer(815301076,1909f56bfc062723c751e8b465ee728b)
Start importing Assets/Scripts/UDPObject.cs using Guid(de6c234eb88ded3469717107801466e9) Importer(815301076,1909f56bfc062723c751e8b465ee728b)  -> (artifact id: '7810630db57bbceaba3d084b65dc6804') in 0.018269 seconds
  Import took 0.023338 seconds .

========================================================================
Received Import Request.
  Time since last request: 39.403686 seconds.
  path: Assets/Scripts/UDPObject.cs
  artifactKey: Guid(de6c234eb88ded3469717107801466e9) Importer(815301076,1909f56bfc062723c751e8b465ee728b)
Start importing Assets/Scripts/UDPObject.cs using Guid(de6c234eb88ded3469717107801466e9) Importer(815301076,1909f56bfc062723c751e8b465ee728b)  -> (artifact id: 'f179b72e8fa438f257558a655b1fec3b') in 0.016070 seconds
  Import took 0.027012 seconds .

========================================================================
Received Import Request.
  Time since last request: 23.752440 seconds.
  path: Assets/Scripts/UDPObject.cs
  artifactKey: Guid(de6c234eb88ded3469717107801466e9) Importer(815301076,1909f56bfc062723c751e8b465ee728b)
Start importing Assets/Scripts/UDPObject.cs using Guid(de6c234eb88ded3469717107801466e9) Importer(815301076,1909f56bfc062723c751e8b465ee728b)  -> (artifact id: 'b1692a2d01b8704d3a12f7b1193be4d3') in 0.023641 seconds
  Import took 0.030627 seconds .

========================================================================
Received Import Request.
  Time since last request: 32.476222 seconds.
  path: Assets/Scripts/UDPObject.cs
  artifactKey: Guid(de6c234eb88ded3469717107801466e9) Importer(815301076,1909f56bfc062723c751e8b465ee728b)
Start importing Assets/Scripts/UDPObject.cs using Guid(de6c234eb88ded3469717107801466e9) Importer(815301076,1909f56bfc062723c751e8b465ee728b)  -> (artifact id: 'd6f58a670802a440c51f759e9dabb958') in 0.021406 seconds
  Import took 0.032323 seconds .

========================================================================
Received Import Request.
  Time since last request: 46.612701 seconds.
  path: Assets/Scripts/UDPObject.cs
  artifactKey: Guid(de6c234eb88ded3469717107801466e9) Importer(815301076,1909f56bfc062723c751e8b465ee728b)
Start importing Assets/Scripts/UDPObject.cs using Guid(de6c234eb88ded3469717107801466e9) Importer(815301076,1909f56bfc062723c751e8b465ee728b)  -> (artifact id: 'b01f984c7209f086a06241591244d5dd') in 0.023792 seconds
  Import took 0.032563 seconds .

========================================================================
Received Import Request.
  Time since last request: 9.968168 seconds.
  path: Assets/Scripts/UDPObject.cs
  artifactKey: Guid(de6c234eb88ded3469717107801466e9) Importer(815301076,1909f56bfc062723c751e8b465ee728b)
Start importing Assets/Scripts/UDPObject.cs using Guid(de6c234eb88ded3469717107801466e9) Importer(815301076,1909f56bfc062723c751e8b465ee728b)  -> (artifact id: 'd8f343b360d6d06728b73a9949bcd2e2') in 0.029024 seconds
  Import took 0.048898 seconds .

========================================================================
Received Import Request.
  Time since last request: 0.007623 seconds.
  path: Assets/Scripts/UDPObject.cs
  artifactKey: Guid(de6c234eb88ded3469717107801466e9) Importer(815301076,1909f56bfc062723c751e8b465ee728b)
Start importing Assets/Scripts/UDPObject.cs using Guid(de6c234eb88ded3469717107801466e9) Importer(815301076,1909f56bfc062723c751e8b465ee728b)  -> (artifact id: 'd8f343b360d6d06728b73a9949bcd2e2') in 0.042634 seconds
  Import took 0.103644 seconds .

========================================================================
Received Import Request.
  Time since last request: 23.515354 seconds.
  path: Assets/Scripts/UDPObject.cs
  artifactKey: Guid(de6c234eb88ded3469717107801466e9) Importer(815301076,1909f56bfc062723c751e8b465ee728b)
Start importing Assets/Scripts/UDPObject.cs using Guid(de6c234eb88ded3469717107801466e9) Importer(815301076,1909f56bfc062723c751e8b465ee728b)  -> (artifact id: 'efdebd08bb2aa8f35e354098915694fa') in 0.028134 seconds
  Import took 0.034327 seconds .

========================================================================
Received Import Request.
  Time since last request: 43.091366 seconds.
  path: Assets/Scripts/UDPObject.cs
  artifactKey: Guid(de6c234eb88ded3469717107801466e9) Importer(815301076,1909f56bfc062723c751e8b465ee728b)
Start importing Assets/Scripts/UDPObject.cs using Guid(de6c234eb88ded3469717107801466e9) Importer(815301076,1909f56bfc062723c751e8b465ee728b)  -> (artifact id: 'affcb95b44ad92ec2677aabe39f50315') in 0.065563 seconds
  Import took 0.072222 seconds .

========================================================================
Received Import Request.
  Time since last request: 15.280390 seconds.
  path: Assets/Scripts/UDPObject.cs
  artifactKey: Guid(de6c234eb88ded3469717107801466e9) Importer(815301076,1909f56bfc062723c751e8b465ee728b)
Start importing Assets/Scripts/UDPObject.cs using Guid(de6c234eb88ded3469717107801466e9) Importer(815301076,1909f56bfc062723c751e8b465ee728b)  -> (artifact id: 'f903dc71c104cc1e4063f8c0fe15c539') in 0.013307 seconds
  Import took 0.019333 seconds .

========================================================================
Received Prepare
Registering precompiled user dll's ...
Registered in 0.009661 seconds.
Begin MonoManager ReloadAssembly
Native extension for WindowsStandalone target not found
Refreshing native plugins compatible for Editor in 0.60 ms, found 2 plugins.
Preloading 0 native plugins for Editor in 0.00 ms.
Mono: successfully reloaded assembly
- Completed reload, in  2.144 seconds
Platform modules already initialized, skipping
Refreshing native plugins compatible for Editor in 0.86 ms, found 2 plugins.
Preloading 0 native plugins for Editor in 0.00 ms.
Unloading 1415 Unused Serialized files (Serialized files now loaded: 0)
System memory in use before: 70.0 MB.
System memory in use after: 70.1 MB.

Unloading 11 unused Assets to reduce memory usage. Loaded Objects now: 1870.
Total: 2.915100 ms (FindLiveObjects: 0.240200 ms CreateObjectMapping: 0.139800 ms MarkObjects: 2.503400 ms  DeleteObjects: 0.029700 ms)

========================================================================
Received Import Request.
  Time since last request: 37.559350 seconds.
  path: Assets/Scripts/Server.cs
  artifactKey: Guid(d932bca831f850b40966b61fcffbba70) Importer(815301076,1909f56bfc062723c751e8b465ee728b)
Start importing Assets/Scripts/Server.cs using Guid(d932bca831f850b40966b61fcffbba70) Importer(815301076,1909f56bfc062723c751e8b465ee728b)  -> (artifact id: '6652310da94d844c7203321ad77b4e95') in 0.018167 seconds
  Import took 0.022678 seconds .

========================================================================
Received Import Request.
  Time since last request: 31.776984 seconds.
  path: Assets/Scripts/Server.cs
  artifactKey: Guid(d932bca831f850b40966b61fcffbba70) Importer(815301076,1909f56bfc062723c751e8b465ee728b)
Start importing Assets/Scripts/Server.cs using Guid(d932bca831f850b40966b61fcffbba70) Importer(815301076,1909f56bfc062723c751e8b465ee728b)  -> (artifact id: '62d4ece1c7fe0879f70710bf6126c0e8') in 0.032855 seconds
  Import took 0.041422 seconds .

========================================================================
Received Import Request.
  Time since last request: 32.681235 seconds.
  path: Assets/Scripts/Server.cs
  artifactKey: Guid(d932bca831f850b40966b61fcffbba70) Importer(815301076,1909f56bfc062723c751e8b465ee728b)
Start importing Assets/Scripts/Server.cs using Guid(d932bca831f850b40966b61fcffbba70) Importer(815301076,1909f56bfc062723c751e8b465ee728b)  -> (artifact id: '4320ea2f158630bfcc10404939cdb9e3') in 0.043618 seconds
  Import took 0.133668 seconds .

========================================================================
Received Prepare
Registering precompiled user dll's ...
Registered in 0.009172 seconds.
Begin MonoManager ReloadAssembly
Native extension for WindowsStandalone target not found
Refreshing native plugins compatible for Editor in 0.54 ms, found 2 plugins.
Preloading 0 native plugins for Editor in 0.00 ms.
Mono: successfully reloaded assembly
- Completed reload, in  1.704 seconds
Platform modules already initialized, skipping
Refreshing native plugins compatible for Editor in 0.56 ms, found 2 plugins.
Preloading 0 native plugins for Editor in 0.00 ms.
Unloading 1415 Unused Serialized files (Serialized files now loaded: 0)
System memory in use before: 70.0 MB.
System memory in use after: 70.1 MB.

Unloading 11 unused Assets to reduce memory usage. Loaded Objects now: 1872.
Total: 3.046100 ms (FindLiveObjects: 0.233900 ms CreateObjectMapping: 0.138500 ms MarkObjects: 2.640200 ms  DeleteObjects: 0.031400 ms)

========================================================================
Received Import Request.
  Time since last request: 181.104333 seconds.
  path: Assets/Scripts/NetworkedObjects
  artifactKey: Guid(3b9cb87648eeae643b665ef2ad479204) Importer(815301076,1909f56bfc062723c751e8b465ee728b)
Start importing Assets/Scripts/NetworkedObjects using Guid(3b9cb87648eeae643b665ef2ad479204) Importer(815301076,1909f56bfc062723c751e8b465ee728b)  -> (artifact id: '7b684ac0ef353959a2e1db425926b4d5') in 0.018423 seconds
  Import took 0.023539 seconds .

========================================================================
Received Import Request.
  Time since last request: 0.123002 seconds.
  path: Assets/Scripts/NetworkedObjects/Player.cs
  artifactKey: Guid(d4ffd489c9976c840a695034793bd9f6) Importer(815301076,1909f56bfc062723c751e8b465ee728b)
Start importing Assets/Scripts/NetworkedObjects/Player.cs using Guid(d4ffd489c9976c840a695034793bd9f6) Importer(815301076,1909f56bfc062723c751e8b465ee728b)  -> (artifact id: 'f39300981eca5fb8401741f921ff89b9') in 0.014976 seconds
  Import took 0.019779 seconds .

========================================================================
Received Import Request.
  Time since last request: 0.003887 seconds.
  path: Assets/Scripts/NetworkedObjects/Player.cs
  artifactKey: Guid(d4ffd489c9976c840a695034793bd9f6) Importer(815301076,1909f56bfc062723c751e8b465ee728b)
Start importing Assets/Scripts/NetworkedObjects/Player.cs using Guid(d4ffd489c9976c840a695034793bd9f6) Importer(815301076,1909f56bfc062723c751e8b465ee728b)  -> (artifact id: 'f39300981eca5fb8401741f921ff89b9') in 0.014351 seconds
  Import took 0.019072 seconds .

========================================================================
Received Import Request.
  Time since last request: 54.275284 seconds.
  path: Assets/Scripts/NetworkedObjects/Player.cs
  artifactKey: Guid(d4ffd489c9976c840a695034793bd9f6) Importer(815301076,1909f56bfc062723c751e8b465ee728b)
Start importing Assets/Scripts/NetworkedObjects/Player.cs using Guid(d4ffd489c9976c840a695034793bd9f6) Importer(815301076,1909f56bfc062723c751e8b465ee728b)  -> (artifact id: '8fcac70348d2d3d2645cb23f8e8fe33a') in 0.014091 seconds
  Import took 0.021845 seconds .

========================================================================
Received Prepare
Registering precompiled user dll's ...
Registered in 0.008657 seconds.
Begin MonoManager ReloadAssembly
Native extension for WindowsStandalone target not found
Refreshing native plugins compatible for Editor in 0.87 ms, found 2 plugins.
Preloading 0 native plugins for Editor in 0.00 ms.
Mono: successfully reloaded assembly
- Completed reload, in  2.123 seconds
Platform modules already initialized, skipping
Refreshing native plugins compatible for Editor in 0.55 ms, found 2 plugins.
Preloading 0 native plugins for Editor in 0.00 ms.
Unloading 1415 Unused Serialized files (Serialized files now loaded: 0)
System memory in use before: 70.1 MB.
System memory in use after: 70.2 MB.

Unloading 11 unused Assets to reduce memory usage. Loaded Objects now: 1874.
Total: 2.909500 ms (FindLiveObjects: 0.229800 ms CreateObjectMapping: 0.140200 ms MarkObjects: 2.507900 ms  DeleteObjects: 0.026700 ms)

========================================================================
Received Prepare
Registering precompiled user dll's ...
Registered in 0.008672 seconds.
Begin MonoManager ReloadAssembly
Native extension for WindowsStandalone target not found
Refreshing native plugins compatible for Editor in 0.71 ms, found 2 plugins.
Preloading 0 native plugins for Editor in 0.00 ms.
Mono: successfully reloaded assembly
- Completed reload, in  2.058 seconds
Platform modules already initialized, skipping
Refreshing native plugins compatible for Editor in 0.89 ms, found 2 plugins.
Preloading 0 native plugins for Editor in 0.00 ms.
Unloading 1415 Unused Serialized files (Serialized files now loaded: 0)
System memory in use before: 70.1 MB.
System memory in use after: 70.2 MB.

Unloading 11 unused Assets to reduce memory usage. Loaded Objects now: 1876.
Total: 3.293100 ms (FindLiveObjects: 0.350600 ms CreateObjectMapping: 0.155400 ms MarkObjects: 2.752500 ms  DeleteObjects: 0.031900 ms)

========================================================================
Received Import Request.
  Time since last request: 123.614226 seconds.
  path: Assets/Scripts/NetworkedObjects/Enemy.cs
  artifactKey: Guid(4f79e5f3a0ebca84e8f3029077037422) Importer(815301076,1909f56bfc062723c751e8b465ee728b)
Start importing Assets/Scripts/NetworkedObjects/Enemy.cs using Guid(4f79e5f3a0ebca84e8f3029077037422) Importer(815301076,1909f56bfc062723c751e8b465ee728b)  -> (artifact id: '693b4eddf79d596e8261f6d25755a382') in 0.026559 seconds
  Import took 0.034047 seconds .

========================================================================
Received Prepare
Registering precompiled user dll's ...
Registered in 0.006797 seconds.
Begin MonoManager ReloadAssembly
Native extension for WindowsStandalone target not found
Refreshing native plugins compatible for Editor in 0.60 ms, found 2 plugins.
Preloading 0 native plugins for Editor in 0.00 ms.
Mono: successfully reloaded assembly
- Completed reload, in  1.721 seconds
Platform modules already initialized, skipping
Refreshing native plugins compatible for Editor in 0.56 ms, found 2 plugins.
Preloading 0 native plugins for Editor in 0.00 ms.
Unloading 1415 Unused Serialized files (Serialized files now loaded: 0)
System memory in use before: 70.1 MB.
System memory in use after: 70.2 MB.

Unloading 11 unused Assets to reduce memory usage. Loaded Objects now: 1878.
Total: 3.087300 ms (FindLiveObjects: 0.230600 ms CreateObjectMapping: 0.139500 ms MarkObjects: 2.692600 ms  DeleteObjects: 0.022800 ms)

========================================================================
Received Import Request.
  Time since last request: 19.865786 seconds.
  path: Assets/Prefabs/PowerUps
  artifactKey: Guid(a4d347f8e9cd774489a4d894db573880) Importer(815301076,1909f56bfc062723c751e8b465ee728b)
Start importing Assets/Prefabs/PowerUps using Guid(a4d347f8e9cd774489a4d894db573880) Importer(815301076,1909f56bfc062723c751e8b465ee728b)  -> (artifact id: '314e66549519e68682b474c8db161eac') in 0.018381 seconds
  Import took 0.022332 seconds .

========================================================================
Received Import Request.
  Time since last request: 0.000431 seconds.
  path: Assets/Prefabs/PowerUps/FirerateIncreasePU.prefab
  artifactKey: Guid(b90f5af9c7502ad42bad9e2aeb66eba4) Importer(815301076,1909f56bfc062723c751e8b465ee728b)
Start importing Assets/Prefabs/PowerUps/FirerateIncreasePU.prefab using Guid(b90f5af9c7502ad42bad9e2aeb66eba4) Importer(815301076,1909f56bfc062723c751e8b465ee728b)  -> (artifact id: 'ce79ae4261652ac38bd7faf585be2b9f') in 0.205655 seconds
  Import took 0.210781 seconds .

========================================================================
Received Import Request.
  Time since last request: 0.000432 seconds.
  path: Assets/Prefabs/PowerUps/HealthRegenPU.prefab
  artifactKey: Guid(9fdc8ca1128d5e04a8de28141725da42) Importer(815301076,1909f56bfc062723c751e8b465ee728b)
Start importing Assets/Prefabs/PowerUps/HealthRegenPU.prefab using Guid(9fdc8ca1128d5e04a8de28141725da42) Importer(815301076,1909f56bfc062723c751e8b465ee728b)  -> (artifact id: 'b20524742dece8b4840449e5de5615e9') in 0.051420 seconds
  Import took 0.056703 seconds .

========================================================================
Received Import Request.
  Time since last request: 0.004169 seconds.
  path: Assets/Prefabs/PowerUps/HealthRegenPU.prefab
  artifactKey: Guid(9fdc8ca1128d5e04a8de28141725da42) Importer(815301076,1909f56bfc062723c751e8b465ee728b)
Start importing Assets/Prefabs/PowerUps/HealthRegenPU.prefab using Guid(9fdc8ca1128d5e04a8de28141725da42) Importer(815301076,1909f56bfc062723c751e8b465ee728b)  -> (artifact id: 'b20524742dece8b4840449e5de5615e9') in 0.026883 seconds
  Import took 0.034126 seconds .

========================================================================
Received Import Request.
  Time since last request: 7.824550 seconds.
  path: ProjectSettings/TagManager.asset
  artifactKey: Guid(00000000000000003000000000000000) Importer(815301076,1909f56bfc062723c751e8b465ee728b)
Start importing ProjectSettings/TagManager.asset using Guid(00000000000000003000000000000000) Importer(815301076,1909f56bfc062723c751e8b465ee728b)  -> (artifact id: '5510407ece42c71161235577e63760e6') in 0.033965 seconds
  Import took 0.040442 seconds .

========================================================================
Received Import Request.
  Time since last request: 0.028643 seconds.
  path: Assets/Prefabs/PowerUps/HealthRegenPU.prefab
  artifactKey: Guid(9fdc8ca1128d5e04a8de28141725da42) Importer(815301076,1909f56bfc062723c751e8b465ee728b)
Start importing Assets/Prefabs/PowerUps/HealthRegenPU.prefab using Guid(9fdc8ca1128d5e04a8de28141725da42) Importer(815301076,1909f56bfc062723c751e8b465ee728b)  -> (artifact id: '30d84becc79a6c38283bd345374d982c') in 0.046902 seconds
  Import took 0.057086 seconds .

========================================================================
Received Import Request.
  Time since last request: 11.592199 seconds.
  path: Assets/Prefabs/PowerUps/HealthRegenPU.prefab
  artifactKey: Guid(9fdc8ca1128d5e04a8de28141725da42) Importer(815301076,1909f56bfc062723c751e8b465ee728b)
Start importing Assets/Prefabs/PowerUps/HealthRegenPU.prefab using Guid(9fdc8ca1128d5e04a8de28141725da42) Importer(815301076,1909f56bfc062723c751e8b465ee728b)  -> (artifact id: '19a1588338a7e375b46f27afde866a9e') in 0.227040 seconds
  Import took 0.233484 seconds .

========================================================================
Received Import Request.
  Time since last request: 3.306432 seconds.
  path: Assets/Prefabs/PowerUps/FirerateIncreasePU.prefab
  artifactKey: Guid(b90f5af9c7502ad42bad9e2aeb66eba4) Importer(815301076,1909f56bfc062723c751e8b465ee728b)
Start importing Assets/Prefabs/PowerUps/FirerateIncreasePU.prefab using Guid(b90f5af9c7502ad42bad9e2aeb66eba4) Importer(815301076,1909f56bfc062723c751e8b465ee728b)  -> (artifact id: '7f04d7364c4af4a9e2087e6436f6d7c1') in 0.251486 seconds
  Import took 0.257435 seconds .

========================================================================
Received Import Request.
  Time since last request: 0.026769 seconds.
  path: Assets/Prefabs/PowerUps/FirerateIncreasePU.prefab
  artifactKey: Guid(b90f5af9c7502ad42bad9e2aeb66eba4) Importer(815301076,1909f56bfc062723c751e8b465ee728b)
Start importing Assets/Prefabs/PowerUps/FirerateIncreasePU.prefab using Guid(b90f5af9c7502ad42bad9e2aeb66eba4) Importer(815301076,1909f56bfc062723c751e8b465ee728b)  -> (artifact id: '7f04d7364c4af4a9e2087e6436f6d7c1') in 0.043127 seconds
  Import took 0.054979 seconds .

========================================================================
Received Prepare
Registering precompiled user dll's ...
Registered in 0.007162 seconds.
Begin MonoManager ReloadAssembly
Native extension for WindowsStandalone target not found
Refreshing native plugins compatible for Editor in 0.62 ms, found 2 plugins.
Preloading 0 native plugins for Editor in 0.00 ms.
Mono: successfully reloaded assembly
- Completed reload, in  1.593 seconds
Platform modules already initialized, skipping
Refreshing native plugins compatible for Editor in 0.87 ms, found 2 plugins.
Preloading 0 native plugins for Editor in 0.00 ms.
Unloading 1415 Unused Serialized files (Serialized files now loaded: 0)
System memory in use before: 73.2 MB.
System memory in use after: 73.3 MB.

Unloading 12 unused Assets to reduce memory usage. Loaded Objects now: 1888.
Total: 3.259000 ms (FindLiveObjects: 0.238500 ms CreateObjectMapping: 0.141900 ms MarkObjects: 2.844500 ms  DeleteObjects: 0.031900 ms)

========================================================================
Received Prepare
Registering precompiled user dll's ...
Registered in 0.006872 seconds.
Begin MonoManager ReloadAssembly
Native extension for WindowsStandalone target not found
Refreshing native plugins compatible for Editor in 0.54 ms, found 2 plugins.
Preloading 0 native plugins for Editor in 0.00 ms.
Mono: successfully reloaded assembly
- Completed reload, in  2.589 seconds
Platform modules already initialized, skipping
Refreshing native plugins compatible for Editor in 0.91 ms, found 2 plugins.
Preloading 0 native plugins for Editor in 0.00 ms.
Unloading 1415 Unused Serialized files (Serialized files now loaded: 0)
System memory in use before: 73.2 MB.
System memory in use after: 73.3 MB.

Unloading 11 unused Assets to reduce memory usage. Loaded Objects now: 1890.
Total: 3.033800 ms (FindLiveObjects: 0.245300 ms CreateObjectMapping: 0.145500 ms MarkObjects: 2.617100 ms  DeleteObjects: 0.023900 ms)

========================================================================
Received Prepare
Registering precompiled user dll's ...
Registered in 0.008221 seconds.
Begin MonoManager ReloadAssembly
Native extension for WindowsStandalone target not found
Refreshing native plugins compatible for Editor in 0.63 ms, found 2 plugins.
Preloading 0 native plugins for Editor in 0.00 ms.
Mono: successfully reloaded assembly
- Completed reload, in  1.590 seconds
Platform modules already initialized, skipping
Refreshing native plugins compatible for Editor in 0.87 ms, found 2 plugins.
Preloading 0 native plugins for Editor in 0.00 ms.
Unloading 1415 Unused Serialized files (Serialized files now loaded: 0)
System memory in use before: 73.2 MB.
System memory in use after: 73.4 MB.

Unloading 11 unused Assets to reduce memory usage. Loaded Objects now: 1892.
Total: 2.910300 ms (FindLiveObjects: 0.237300 ms CreateObjectMapping: 0.140100 ms MarkObjects: 2.509400 ms  DeleteObjects: 0.021700 ms)

========================================================================
Received Prepare
Registering precompiled user dll's ...
Registered in 0.008726 seconds.
Begin MonoManager ReloadAssembly
Native extension for WindowsStandalone target not found
Refreshing native plugins compatible for Editor in 0.82 ms, found 2 plugins.
Preloading 0 native plugins for Editor in 0.00 ms.
Mono: successfully reloaded assembly
- Completed reload, in  1.592 seconds
Platform modules already initialized, skipping
Refreshing native plugins compatible for Editor in 0.55 ms, found 2 plugins.
Preloading 0 native plugins for Editor in 0.00 ms.
Unloading 1415 Unused Serialized files (Serialized files now loaded: 0)
System memory in use before: 73.3 MB.
System memory in use after: 73.4 MB.

Unloading 11 unused Assets to reduce memory usage. Loaded Objects now: 1894.
Total: 2.914100 ms (FindLiveObjects: 0.233100 ms CreateObjectMapping: 0.136300 ms MarkObjects: 2.521500 ms  DeleteObjects: 0.021300 ms)

========================================================================
Received Prepare
Registering precompiled user dll's ...
Registered in 0.010965 seconds.
Begin MonoManager ReloadAssembly
Native extension for WindowsStandalone target not found
Refreshing native plugins compatible for Editor in 0.51 ms, found 2 plugins.
Preloading 0 native plugins for Editor in 0.00 ms.
Mono: successfully reloaded assembly
- Completed reload, in  1.604 seconds
Platform modules already initialized, skipping
Refreshing native plugins compatible for Editor in 0.61 ms, found 2 plugins.
Preloading 0 native plugins for Editor in 0.00 ms.
Unloading 1415 Unused Serialized files (Serialized files now loaded: 0)
System memory in use before: 73.3 MB.
System memory in use after: 73.4 MB.

Unloading 11 unused Assets to reduce memory usage. Loaded Objects now: 1896.
Total: 2.939800 ms (FindLiveObjects: 0.237400 ms CreateObjectMapping: 0.145200 ms MarkObjects: 2.534200 ms  DeleteObjects: 0.021200 ms)

========================================================================
Received Prepare
Registering precompiled user dll's ...
Registered in 0.011523 seconds.
Begin MonoManager ReloadAssembly
Native extension for WindowsStandalone target not found
Refreshing native plugins compatible for Editor in 0.53 ms, found 2 plugins.
Preloading 0 native plugins for Editor in 0.00 ms.
Mono: successfully reloaded assembly
- Completed reload, in  1.862 seconds
Platform modules already initialized, skipping
Refreshing native plugins compatible for Editor in 0.55 ms, found 2 plugins.
Preloading 0 native plugins for Editor in 0.00 ms.
Unloading 1415 Unused Serialized files (Serialized files now loaded: 0)
System memory in use before: 73.3 MB.
System memory in use after: 73.4 MB.

Unloading 11 unused Assets to reduce memory usage. Loaded Objects now: 1898.
Total: 2.918800 ms (FindLiveObjects: 0.236600 ms CreateObjectMapping: 0.138400 ms MarkObjects: 2.520200 ms  DeleteObjects: 0.021800 ms)

========================================================================
Received Prepare
Registering precompiled user dll's ...
Registered in 0.007289 seconds.
Begin MonoManager ReloadAssembly
Native extension for WindowsStandalone target not found
Refreshing native plugins compatible for Editor in 0.53 ms, found 2 plugins.
Preloading 0 native plugins for Editor in 0.00 ms.
Mono: successfully reloaded assembly
- Completed reload, in  1.578 seconds
Platform modules already initialized, skipping
Refreshing native plugins compatible for Editor in 0.58 ms, found 2 plugins.
Preloading 0 native plugins for Editor in 0.00 ms.
Unloading 1415 Unused Serialized files (Serialized files now loaded: 0)
System memory in use before: 73.3 MB.
System memory in use after: 73.4 MB.

Unloading 11 unused Assets to reduce memory usage. Loaded Objects now: 1900.
Total: 2.975800 ms (FindLiveObjects: 0.241700 ms CreateObjectMapping: 0.138500 ms MarkObjects: 2.570800 ms  DeleteObjects: 0.022500 ms)

========================================================================
Received Prepare
Registering precompiled user dll's ...
Registered in 0.011281 seconds.
Begin MonoManager ReloadAssembly
Native extension for WindowsStandalone target not found
Refreshing native plugins compatible for Editor in 0.62 ms, found 2 plugins.
Preloading 0 native plugins for Editor in 0.00 ms.
Mono: successfully reloaded assembly
- Completed reload, in  2.009 seconds
Platform modules already initialized, skipping
Refreshing native plugins compatible for Editor in 0.89 ms, found 2 plugins.
Preloading 0 native plugins for Editor in 0.00 ms.
Unloading 1415 Unused Serialized files (Serialized files now loaded: 0)
System memory in use before: 73.3 MB.
System memory in use after: 73.4 MB.

Unloading 11 unused Assets to reduce memory usage. Loaded Objects now: 1902.
Total: 4.634700 ms (FindLiveObjects: 0.384500 ms CreateObjectMapping: 0.154500 ms MarkObjects: 4.055500 ms  DeleteObjects: 0.037500 ms)

========================================================================
Received Prepare
Registering precompiled user dll's ...
Registered in 0.008997 seconds.
Begin MonoManager ReloadAssembly
Native extension for WindowsStandalone target not found
Refreshing native plugins compatible for Editor in 0.79 ms, found 2 plugins.
Preloading 0 native plugins for Editor in 0.00 ms.
Mono: successfully reloaded assembly
- Completed reload, in  2.128 seconds
Platform modules already initialized, skipping
Refreshing native plugins compatible for Editor in 0.84 ms, found 2 plugins.
Preloading 0 native plugins for Editor in 0.00 ms.
Unloading 1415 Unused Serialized files (Serialized files now loaded: 0)
System memory in use before: 73.3 MB.
System memory in use after: 73.4 MB.

Unloading 11 unused Assets to reduce memory usage. Loaded Objects now: 1904.
Total: 3.206100 ms (FindLiveObjects: 0.263000 ms CreateObjectMapping: 0.151800 ms MarkObjects: 2.760500 ms  DeleteObjects: 0.028100 ms)

========================================================================
Received Prepare
Registering precompiled user dll's ...
Registered in 0.009956 seconds.
Begin MonoManager ReloadAssembly
Native extension for WindowsStandalone target not found
Refreshing native plugins compatible for Editor in 0.51 ms, found 2 plugins.
Preloading 0 native plugins for Editor in 0.00 ms.
Mono: successfully reloaded assembly
- Completed reload, in  1.600 seconds
Platform modules already initialized, skipping
Refreshing native plugins compatible for Editor in 0.61 ms, found 2 plugins.
Preloading 0 native plugins for Editor in 0.00 ms.
Unloading 1415 Unused Serialized files (Serialized files now loaded: 0)
System memory in use before: 73.3 MB.
System memory in use after: 73.4 MB.

Unloading 11 unused Assets to reduce memory usage. Loaded Objects now: 1906.
Total: 3.585000 ms (FindLiveObjects: 0.613100 ms CreateObjectMapping: 0.197000 ms MarkObjects: 2.746900 ms  DeleteObjects: 0.026200 ms)

========================================================================
Received Prepare
Registering precompiled user dll's ...
Registered in 0.008528 seconds.
Begin MonoManager ReloadAssembly
Native extension for WindowsStandalone target not found
Refreshing native plugins compatible for Editor in 0.70 ms, found 2 plugins.
Preloading 0 native plugins for Editor in 0.00 ms.
Mono: successfully reloaded assembly
- Completed reload, in  2.069 seconds
Platform modules already initialized, skipping
Refreshing native plugins compatible for Editor in 0.83 ms, found 2 plugins.
Preloading 0 native plugins for Editor in 0.00 ms.
Unloading 1415 Unused Serialized files (Serialized files now loaded: 0)
System memory in use before: 73.3 MB.
System memory in use after: 73.4 MB.

Unloading 11 unused Assets to reduce memory usage. Loaded Objects now: 1908.
Total: 2.949400 ms (FindLiveObjects: 0.255900 ms CreateObjectMapping: 0.143500 ms MarkObjects: 2.527000 ms  DeleteObjects: 0.021000 ms)

========================================================================
Received Prepare
Registering precompiled user dll's ...
Registered in 0.007186 seconds.
Begin MonoManager ReloadAssembly
Native extension for WindowsStandalone target not found
Refreshing native plugins compatible for Editor in 0.51 ms, found 2 plugins.
Preloading 0 native plugins for Editor in 0.00 ms.
Mono: successfully reloaded assembly
- Completed reload, in  1.874 seconds
Platform modules already initialized, skipping
Refreshing native plugins compatible for Editor in 0.56 ms, found 2 plugins.
Preloading 0 native plugins for Editor in 0.00 ms.
Unloading 1415 Unused Serialized files (Serialized files now loaded: 0)
System memory in use before: 73.3 MB.
System memory in use after: 73.4 MB.

Unloading 11 unused Assets to reduce memory usage. Loaded Objects now: 1910.
Total: 3.058300 ms (FindLiveObjects: 0.235400 ms CreateObjectMapping: 0.138400 ms MarkObjects: 2.660100 ms  DeleteObjects: 0.022400 ms)

========================================================================
Received Prepare
Registering precompiled user dll's ...
Registered in 0.006803 seconds.
Begin MonoManager ReloadAssembly
Native extension for WindowsStandalone target not found
Refreshing native plugins compatible for Editor in 0.85 ms, found 2 plugins.
Preloading 0 native plugins for Editor in 0.00 ms.
Mono: successfully reloaded assembly
- Completed reload, in  1.653 seconds
Platform modules already initialized, skipping
Refreshing native plugins compatible for Editor in 0.58 ms, found 2 plugins.
Preloading 0 native plugins for Editor in 0.00 ms.
Unloading 1415 Unused Serialized files (Serialized files now loaded: 0)
System memory in use before: 73.3 MB.
System memory in use after: 73.4 MB.

Unloading 11 unused Assets to reduce memory usage. Loaded Objects now: 1912.
Total: 3.245000 ms (FindLiveObjects: 0.351200 ms CreateObjectMapping: 0.162000 ms MarkObjects: 2.697600 ms  DeleteObjects: 0.031100 ms)

========================================================================
Received Prepare
Registering precompiled user dll's ...
Registered in 0.009655 seconds.
Begin MonoManager ReloadAssembly
Native extension for WindowsStandalone target not found
Refreshing native plugins compatible for Editor in 0.52 ms, found 2 plugins.
Preloading 0 native plugins for Editor in 0.00 ms.
Mono: successfully reloaded assembly
- Completed reload, in  1.562 seconds
Platform modules already initialized, skipping
Refreshing native plugins compatible for Editor in 0.54 ms, found 2 plugins.
Preloading 0 native plugins for Editor in 0.00 ms.
Unloading 1415 Unused Serialized files (Serialized files now loaded: 0)
System memory in use before: 73.3 MB.
System memory in use after: 73.4 MB.

Unloading 11 unused Assets to reduce memory usage. Loaded Objects now: 1914.
Total: 2.921000 ms (FindLiveObjects: 0.241100 ms CreateObjectMapping: 0.141800 ms MarkObjects: 2.514800 ms  DeleteObjects: 0.021300 ms)

========================================================================
Received Prepare
Registering precompiled user dll's ...
Registered in 0.009324 seconds.
Begin MonoManager ReloadAssembly
Native extension for WindowsStandalone target not found
Refreshing native plugins compatible for Editor in 0.52 ms, found 2 plugins.
Preloading 0 native plugins for Editor in 0.00 ms.
Mono: successfully reloaded assembly
- Completed reload, in  1.927 seconds
Platform modules already initialized, skipping
Refreshing native plugins compatible for Editor in 0.61 ms, found 2 plugins.
Preloading 0 native plugins for Editor in 0.00 ms.
Unloading 1415 Unused Serialized files (Serialized files now loaded: 0)
System memory in use before: 73.3 MB.
System memory in use after: 73.4 MB.

Unloading 11 unused Assets to reduce memory usage. Loaded Objects now: 1916.
Total: 2.960300 ms (FindLiveObjects: 0.243400 ms CreateObjectMapping: 0.140900 ms MarkObjects: 2.552200 ms  DeleteObjects: 0.021800 ms)

========================================================================
Received Prepare
Registering precompiled user dll's ...
Registered in 0.006869 seconds.
Begin MonoManager ReloadAssembly
Native extension for WindowsStandalone target not found
Refreshing native plugins compatible for Editor in 0.56 ms, found 2 plugins.
Preloading 0 native plugins for Editor in 0.00 ms.
Mono: successfully reloaded assembly
- Completed reload, in  1.562 seconds
Platform modules already initialized, skipping
Refreshing native plugins compatible for Editor in 0.56 ms, found 2 plugins.
Preloading 0 native plugins for Editor in 0.00 ms.
Unloading 1415 Unused Serialized files (Serialized files now loaded: 0)
System memory in use before: 73.3 MB.
System memory in use after: 73.4 MB.

Unloading 11 unused Assets to reduce memory usage. Loaded Objects now: 1918.
Total: 2.935000 ms (FindLiveObjects: 0.251600 ms CreateObjectMapping: 0.144600 ms MarkObjects: 2.515500 ms  DeleteObjects: 0.021300 ms)

========================================================================
Received Prepare
Registering precompiled user dll's ...
Registered in 0.009250 seconds.
Begin MonoManager ReloadAssembly
Native extension for WindowsStandalone target not found
Refreshing native plugins compatible for Editor in 0.55 ms, found 2 plugins.
Preloading 0 native plugins for Editor in 0.00 ms.
Mono: successfully reloaded assembly
- Completed reload, in  1.609 seconds
Platform modules already initialized, skipping
Refreshing native plugins compatible for Editor in 0.55 ms, found 2 plugins.
Preloading 0 native plugins for Editor in 0.00 ms.
Unloading 1415 Unused Serialized files (Serialized files now loaded: 0)
System memory in use before: 73.3 MB.
System memory in use after: 73.4 MB.

Unloading 11 unused Assets to reduce memory usage. Loaded Objects now: 1920.
Total: 2.960200 ms (FindLiveObjects: 0.265100 ms CreateObjectMapping: 0.142600 ms MarkObjects: 2.527700 ms  DeleteObjects: 0.023100 ms)

========================================================================
Received Prepare
Registering precompiled user dll's ...
Registered in 0.009392 seconds.
Begin MonoManager ReloadAssembly
Native extension for WindowsStandalone target not found
Refreshing native plugins compatible for Editor in 0.52 ms, found 2 plugins.
Preloading 0 native plugins for Editor in 0.00 ms.
Mono: successfully reloaded assembly
- Completed reload, in  1.567 seconds
Platform modules already initialized, skipping
Refreshing native plugins compatible for Editor in 0.55 ms, found 2 plugins.
Preloading 0 native plugins for Editor in 0.00 ms.
Unloading 1415 Unused Serialized files (Serialized files now loaded: 0)
System memory in use before: 73.3 MB.
System memory in use after: 73.4 MB.

Unloading 11 unused Assets to reduce memory usage. Loaded Objects now: 1922.
Total: 2.965000 ms (FindLiveObjects: 0.243600 ms CreateObjectMapping: 0.141000 ms MarkObjects: 2.555000 ms  DeleteObjects: 0.023600 ms)

========================================================================
Received Prepare
Registering precompiled user dll's ...
Registered in 0.007445 seconds.
Begin MonoManager ReloadAssembly
Native extension for WindowsStandalone target not found
Refreshing native plugins compatible for Editor in 0.59 ms, found 2 plugins.
Preloading 0 native plugins for Editor in 0.00 ms.
Mono: successfully reloaded assembly
- Completed reload, in  3.265 seconds
Platform modules already initialized, skipping
Refreshing native plugins compatible for Editor in 0.86 ms, found 2 plugins.
Preloading 0 native plugins for Editor in 0.00 ms.
Unloading 1415 Unused Serialized files (Serialized files now loaded: 0)
System memory in use before: 73.3 MB.
System memory in use after: 73.4 MB.

Unloading 11 unused Assets to reduce memory usage. Loaded Objects now: 1924.
Total: 8.909700 ms (FindLiveObjects: 0.533300 ms CreateObjectMapping: 0.226800 ms MarkObjects: 8.108100 ms  DeleteObjects: 0.038700 ms)

========================================================================
Received Prepare
Registering precompiled user dll's ...
Registered in 0.006801 seconds.
Begin MonoManager ReloadAssembly
Native extension for WindowsStandalone target not found
Refreshing native plugins compatible for Editor in 0.53 ms, found 2 plugins.
Preloading 0 native plugins for Editor in 0.00 ms.
Mono: successfully reloaded assembly
- Completed reload, in  1.598 seconds
Platform modules already initialized, skipping
Refreshing native plugins compatible for Editor in 0.58 ms, found 2 plugins.
Preloading 0 native plugins for Editor in 0.00 ms.
Unloading 1415 Unused Serialized files (Serialized files now loaded: 0)
System memory in use before: 73.3 MB.
System memory in use after: 73.4 MB.

Unloading 11 unused Assets to reduce memory usage. Loaded Objects now: 1926.
Total: 3.030900 ms (FindLiveObjects: 0.261900 ms CreateObjectMapping: 0.143300 ms MarkObjects: 2.583800 ms  DeleteObjects: 0.039000 ms)

========================================================================
Received Prepare
Registering precompiled user dll's ...
Registered in 0.008434 seconds.
Begin MonoManager ReloadAssembly
Native extension for WindowsStandalone target not found
Refreshing native plugins compatible for Editor in 0.51 ms, found 2 plugins.
Preloading 0 native plugins for Editor in 0.00 ms.
Mono: successfully reloaded assembly
- Completed reload, in  1.578 seconds
Platform modules already initialized, skipping
Refreshing native plugins compatible for Editor in 0.54 ms, found 2 plugins.
Preloading 0 native plugins for Editor in 0.00 ms.
Unloading 1415 Unused Serialized files (Serialized files now loaded: 0)
System memory in use before: 73.3 MB.
System memory in use after: 73.5 MB.

Unloading 11 unused Assets to reduce memory usage. Loaded Objects now: 1928.
Total: 2.970400 ms (FindLiveObjects: 0.239300 ms CreateObjectMapping: 0.139400 ms MarkObjects: 2.567500 ms  DeleteObjects: 0.022500 ms)

========================================================================
Received Prepare
Registering precompiled user dll's ...
Registered in 0.006752 seconds.
Begin MonoManager ReloadAssembly
Native extension for WindowsStandalone target not found
Refreshing native plugins compatible for Editor in 0.54 ms, found 2 plugins.
Preloading 0 native plugins for Editor in 0.00 ms.
Mono: successfully reloaded assembly
- Completed reload, in  1.631 seconds
Platform modules already initialized, skipping
Refreshing native plugins compatible for Editor in 0.57 ms, found 2 plugins.
Preloading 0 native plugins for Editor in 0.00 ms.
Unloading 1415 Unused Serialized files (Serialized files now loaded: 0)
System memory in use before: 73.4 MB.
System memory in use after: 73.5 MB.

Unloading 11 unused Assets to reduce memory usage. Loaded Objects now: 1930.
Total: 2.955000 ms (FindLiveObjects: 0.245300 ms CreateObjectMapping: 0.139700 ms MarkObjects: 2.545900 ms  DeleteObjects: 0.022100 ms)

========================================================================
Received Prepare
Registering precompiled user dll's ...
Registered in 0.007164 seconds.
Begin MonoManager ReloadAssembly
Native extension for WindowsStandalone target not found
Refreshing native plugins compatible for Editor in 0.55 ms, found 2 plugins.
Preloading 0 native plugins for Editor in 0.00 ms.
Mono: successfully reloaded assembly
- Completed reload, in  1.878 seconds
Platform modules already initialized, skipping
Refreshing native plugins compatible for Editor in 0.87 ms, found 2 plugins.
Preloading 0 native plugins for Editor in 0.00 ms.
Unloading 1415 Unused Serialized files (Serialized files now loaded: 0)
System memory in use before: 73.4 MB.
System memory in use after: 73.5 MB.

Unloading 11 unused Assets to reduce memory usage. Loaded Objects now: 1932.
Total: 3.262100 ms (FindLiveObjects: 0.272200 ms CreateObjectMapping: 0.157200 ms MarkObjects: 2.797400 ms  DeleteObjects: 0.033000 ms)

========================================================================
Received Prepare
Registering precompiled user dll's ...
Registered in 0.008068 seconds.
Begin MonoManager ReloadAssembly
Native extension for WindowsStandalone target not found
Refreshing native plugins compatible for Editor in 0.54 ms, found 2 plugins.
Preloading 0 native plugins for Editor in 0.00 ms.
Mono: successfully reloaded assembly
- Completed reload, in  1.827 seconds
Platform modules already initialized, skipping
Refreshing native plugins compatible for Editor in 0.55 ms, found 2 plugins.
Preloading 0 native plugins for Editor in 0.00 ms.
Unloading 1415 Unused Serialized files (Serialized files now loaded: 0)
System memory in use before: 73.4 MB.
System memory in use after: 73.5 MB.

Unloading 11 unused Assets to reduce memory usage. Loaded Objects now: 1934.
Total: 3.651000 ms (FindLiveObjects: 0.258200 ms CreateObjectMapping: 0.186200 ms MarkObjects: 3.168800 ms  DeleteObjects: 0.034700 ms)

========================================================================
Received Prepare
Registering precompiled user dll's ...
Registered in 0.011136 seconds.
Begin MonoManager ReloadAssembly
Native extension for WindowsStandalone target not found
Refreshing native plugins compatible for Editor in 0.60 ms, found 2 plugins.
Preloading 0 native plugins for Editor in 0.00 ms.
Mono: successfully reloaded assembly
- Completed reload, in  2.205 seconds
Platform modules already initialized, skipping
Refreshing native plugins compatible for Editor in 0.56 ms, found 2 plugins.
Preloading 0 native plugins for Editor in 0.00 ms.
Unloading 1415 Unused Serialized files (Serialized files now loaded: 0)
System memory in use before: 73.4 MB.
System memory in use after: 73.5 MB.

Unloading 11 unused Assets to reduce memory usage. Loaded Objects now: 1936.
Total: 4.077900 ms (FindLiveObjects: 0.486200 ms CreateObjectMapping: 0.241600 ms MarkObjects: 3.315300 ms  DeleteObjects: 0.032300 ms)

========================================================================
Received Prepare
Registering precompiled user dll's ...
Registered in 0.008450 seconds.
Begin MonoManager ReloadAssembly
Native extension for WindowsStandalone target not found
Refreshing native plugins compatible for Editor in 0.52 ms, found 2 plugins.
Preloading 0 native plugins for Editor in 0.00 ms.
Mono: successfully reloaded assembly
- Completed reload, in  1.556 seconds
Platform modules already initialized, skipping
Refreshing native plugins compatible for Editor in 0.57 ms, found 2 plugins.
Preloading 0 native plugins for Editor in 0.00 ms.
Unloading 1415 Unused Serialized files (Serialized files now loaded: 0)
System memory in use before: 73.4 MB.
System memory in use after: 73.5 MB.

Unloading 11 unused Assets to reduce memory usage. Loaded Objects now: 1938.
Total: 3.033300 ms (FindLiveObjects: 0.254300 ms CreateObjectMapping: 0.142900 ms MarkObjects: 2.611300 ms  DeleteObjects: 0.022800 ms)

========================================================================
Received Prepare
Registering precompiled user dll's ...
Registered in 0.008906 seconds.
Begin MonoManager ReloadAssembly
Native extension for WindowsStandalone target not found
Refreshing native plugins compatible for Editor in 0.52 ms, found 2 plugins.
Preloading 0 native plugins for Editor in 0.00 ms.
Mono: successfully reloaded assembly
- Completed reload, in  1.620 seconds
Platform modules already initialized, skipping
Refreshing native plugins compatible for Editor in 0.64 ms, found 2 plugins.
Preloading 0 native plugins for Editor in 0.00 ms.
Unloading 1415 Unused Serialized files (Serialized files now loaded: 0)
System memory in use before: 73.4 MB.
System memory in use after: 73.5 MB.

Unloading 11 unused Assets to reduce memory usage. Loaded Objects now: 1940.
Total: 3.295700 ms (FindLiveObjects: 0.288900 ms CreateObjectMapping: 0.158900 ms MarkObjects: 2.811600 ms  DeleteObjects: 0.033900 ms)

========================================================================
Received Prepare
Registering precompiled user dll's ...
Registered in 0.010431 seconds.
Begin MonoManager ReloadAssembly
Native extension for WindowsStandalone target not found
Refreshing native plugins compatible for Editor in 0.51 ms, found 2 plugins.
Preloading 0 native plugins for Editor in 0.00 ms.
Mono: successfully reloaded assembly
- Completed reload, in  1.640 seconds
Platform modules already initialized, skipping
Refreshing native plugins compatible for Editor in 0.56 ms, found 2 plugins.
Preloading 0 native plugins for Editor in 0.00 ms.
Unloading 1415 Unused Serialized files (Serialized files now loaded: 0)
System memory in use before: 73.4 MB.
System memory in use after: 73.5 MB.

Unloading 11 unused Assets to reduce memory usage. Loaded Objects now: 1942.
Total: 2.996200 ms (FindLiveObjects: 0.248800 ms CreateObjectMapping: 0.138700 ms MarkObjects: 2.582900 ms  DeleteObjects: 0.024000 ms)

========================================================================
Received Prepare
Registering precompiled user dll's ...
Registered in 0.008986 seconds.
Begin MonoManager ReloadAssembly
Native extension for WindowsStandalone target not found
Refreshing native plugins compatible for Editor in 0.51 ms, found 2 plugins.
Preloading 0 native plugins for Editor in 0.00 ms.
Mono: successfully reloaded assembly
- Completed reload, in  1.740 seconds
Platform modules already initialized, skipping
Refreshing native plugins compatible for Editor in 0.90 ms, found 2 plugins.
Preloading 0 native plugins for Editor in 0.00 ms.
Unloading 1415 Unused Serialized files (Serialized files now loaded: 0)
System memory in use before: 73.4 MB.
System memory in use after: 73.5 MB.

Unloading 11 unused Assets to reduce memory usage. Loaded Objects now: 1944.
Total: 2.786100 ms (FindLiveObjects: 0.261600 ms CreateObjectMapping: 0.142600 ms MarkObjects: 2.356800 ms  DeleteObjects: 0.023000 ms)

========================================================================
Received Prepare
Registering precompiled user dll's ...
Registered in 0.008916 seconds.
Begin MonoManager ReloadAssembly
Native extension for WindowsStandalone target not found
Refreshing native plugins compatible for Editor in 0.57 ms, found 2 plugins.
Preloading 0 native plugins for Editor in 0.00 ms.
Mono: successfully reloaded assembly
- Completed reload, in  1.705 seconds
Platform modules already initialized, skipping
Refreshing native plugins compatible for Editor in 0.88 ms, found 2 plugins.
Preloading 0 native plugins for Editor in 0.00 ms.
Unloading 1415 Unused Serialized files (Serialized files now loaded: 0)
System memory in use before: 73.4 MB.
System memory in use after: 73.5 MB.

Unloading 11 unused Assets to reduce memory usage. Loaded Objects now: 1946.
Total: 3.107500 ms (FindLiveObjects: 0.248900 ms CreateObjectMapping: 0.147400 ms MarkObjects: 2.686500 ms  DeleteObjects: 0.022900 ms)

========================================================================
Received Prepare
Registering precompiled user dll's ...
Registered in 0.010072 seconds.
Begin MonoManager ReloadAssembly
Native extension for WindowsStandalone target not found
Refreshing native plugins compatible for Editor in 0.52 ms, found 2 plugins.
Preloading 0 native plugins for Editor in 0.00 ms.
Mono: successfully reloaded assembly
- Completed reload, in  1.640 seconds
Platform modules already initialized, skipping
Refreshing native plugins compatible for Editor in 0.54 ms, found 2 plugins.
Preloading 0 native plugins for Editor in 0.00 ms.
Unloading 1415 Unused Serialized files (Serialized files now loaded: 0)
System memory in use before: 73.4 MB.
System memory in use after: 73.5 MB.

Unloading 11 unused Assets to reduce memory usage. Loaded Objects now: 1948.
Total: 2.979500 ms (FindLiveObjects: 0.232600 ms CreateObjectMapping: 0.109900 ms MarkObjects: 2.608300 ms  DeleteObjects: 0.026500 ms)

========================================================================
Received Prepare
Registering precompiled user dll's ...
Registered in 0.011053 seconds.
Begin MonoManager ReloadAssembly
Native extension for WindowsStandalone target not found
Refreshing native plugins compatible for Editor in 0.53 ms, found 2 plugins.
Preloading 0 native plugins for Editor in 0.00 ms.
Mono: successfully reloaded assembly
- Completed reload, in  1.745 seconds
Platform modules already initialized, skipping
Refreshing native plugins compatible for Editor in 0.55 ms, found 2 plugins.
Preloading 0 native plugins for Editor in 0.00 ms.
Unloading 1415 Unused Serialized files (Serialized files now loaded: 0)
System memory in use before: 73.4 MB.
System memory in use after: 73.5 MB.

Unloading 11 unused Assets to reduce memory usage. Loaded Objects now: 1950.
Total: 3.143400 ms (FindLiveObjects: 0.248300 ms CreateObjectMapping: 0.141900 ms MarkObjects: 2.725300 ms  DeleteObjects: 0.025800 ms)

========================================================================
Received Import Request.
  Time since last request: 2846.633499 seconds.
  path: Assets/Scripts/PlayerAttack.cs
  artifactKey: Guid(1e66fcdd1465cd948a81e7af64f4b4f8) Importer(815301076,1909f56bfc062723c751e8b465ee728b)
Start importing Assets/Scripts/PlayerAttack.cs using Guid(1e66fcdd1465cd948a81e7af64f4b4f8) Importer(815301076,1909f56bfc062723c751e8b465ee728b)  -> (artifact id: '033e47552183228eb83f2f098fad012f') in 0.019690 seconds
  Import took 0.024101 seconds .

========================================================================
Received Import Request.
  Time since last request: 0.046600 seconds.
  path: Assets/Scripts/PlayerAttack.cs
  artifactKey: Guid(1e66fcdd1465cd948a81e7af64f4b4f8) Importer(815301076,1909f56bfc062723c751e8b465ee728b)
Start importing Assets/Scripts/PlayerAttack.cs using Guid(1e66fcdd1465cd948a81e7af64f4b4f8) Importer(815301076,1909f56bfc062723c751e8b465ee728b)  -> (artifact id: '033e47552183228eb83f2f098fad012f') in 0.011852 seconds
  Import took 0.017721 seconds .

========================================================================
Received Import Request.
  Time since last request: 29.070174 seconds.
  path: Assets/Scripts/PlayerAttack.cs
  artifactKey: Guid(1e66fcdd1465cd948a81e7af64f4b4f8) Importer(815301076,1909f56bfc062723c751e8b465ee728b)
Start importing Assets/Scripts/PlayerAttack.cs using Guid(1e66fcdd1465cd948a81e7af64f4b4f8) Importer(815301076,1909f56bfc062723c751e8b465ee728b)  -> (artifact id: '943b8544784a1f9dbf1a836063724b34') in 0.011952 seconds
  Import took 0.020649 seconds .

========================================================================
Received Prepare
Registering precompiled user dll's ...
Registered in 0.008025 seconds.
Begin MonoManager ReloadAssembly
Native extension for WindowsStandalone target not found
Refreshing native plugins compatible for Editor in 0.52 ms, found 2 plugins.
Preloading 0 native plugins for Editor in 0.00 ms.
Mono: successfully reloaded assembly
- Completed reload, in  2.002 seconds
Platform modules already initialized, skipping
Refreshing native plugins compatible for Editor in 0.69 ms, found 2 plugins.
Preloading 0 native plugins for Editor in 0.00 ms.
Unloading 1415 Unused Serialized files (Serialized files now loaded: 0)
System memory in use before: 73.4 MB.
System memory in use after: 73.5 MB.

Unloading 11 unused Assets to reduce memory usage. Loaded Objects now: 1952.
Total: 3.158200 ms (FindLiveObjects: 0.255300 ms CreateObjectMapping: 0.172700 ms MarkObjects: 2.695500 ms  DeleteObjects: 0.032400 ms)

AssetImportWorkerClient::OnTransportError - code=2 error=End of file
